# JRE version: OpenJDK Runtime Environment (8.0_212-b04) (build 1.8.0_212-release-1586-b04)
# Java VM: OpenJDK 64-Bit Server VM (25.212-b04 mixed mode windows-amd64 compressed oops)
Heap:
 PSYoungGen      total 357888K, used 182397K [0x00000000e0000000, 0x00000000fdd00000, 0x0000000100000000)
  eden space 259584K, 32% used [0x00000000e0000000,0x00000000e5223578,0x00000000efd80000)
  from space 98304K, 99% used [0x00000000f7d00000,0x00000000fdcfc040,0x00000000fdd00000)
  to   space 96256K, 0% used [0x00000000efd80000,0x00000000efd80000,0x00000000f5b80000)
 ParOldGen       total 308736K, used 205290K [0x00000000a0000000, 0x00000000b2d80000, 0x00000000e0000000)
  object space 308736K, 66% used [0x00000000a0000000,0x00000000ac87aa78,0x00000000b2d80000)
 Metaspace       used 94651K, capacity 98502K, committed 98688K, reserved 1134592K
  class space    used 12120K, capacity 12892K, committed 12928K, reserved 1048576K
GC Heap History (10 events):
Event: 425.594 GC heap before
{Heap before GC invocations=28 (full 4):
 PSYoungGen      total 255488K, used 209920K [0x00000000e0000000, 0x00000000f6d80000, 0x0000000100000000)
  eden space 209920K, 100% used [0x00000000e0000000,0x00000000ecd00000,0x00000000ecd00000)
  from space 45568K, 0% used [0x00000000ecd00000,0x00000000ecd00000,0x00000000ef980000)
  to   space 68608K, 0% used [0x00000000f2a80000,0x00000000f2a80000,0x00000000f6d80000)
 ParOldGen       total 308736K, used 138706K [0x00000000a0000000, 0x00000000b2d80000, 0x00000000e0000000)
  object space 308736K, 44% used [0x00000000a0000000,0x00000000a8774950,0x00000000b2d80000)
 Metaspace       used 93409K, capacity 96840K, committed 97280K, reserved 1134592K
  class space    used 12004K, capacity 12707K, committed 12800K, reserved 1048576K
Event: 425.645 GC heap after
Heap after GC invocations=28 (full 4):
 PSYoungGen      total 298496K, used 57027K [0x00000000e0000000, 0x00000000f8280000, 0x0000000100000000)
  eden space 229888K, 0% used [0x00000000e0000000,0x00000000e0000000,0x00000000ee080000)
  from space 68608K, 83% used [0x00000000f2a80000,0x00000000f6230da0,0x00000000f6d80000)
  to   space 75776K, 0% used [0x00000000ee080000,0x00000000ee080000,0x00000000f2a80000)
 ParOldGen       total 308736K, used 138714K [0x00000000a0000000, 0x00000000b2d80000, 0x00000000e0000000)
  object space 308736K, 44% used [0x00000000a0000000,0x00000000a8776950,0x00000000b2d80000)
 Metaspace       used 93409K, capacity 96840K, committed 97280K, reserved 1134592K
  class space    used 12004K, capacity 12707K, committed 12800K, reserved 1048576K
}
Event: 426.703 GC heap before
{Heap before GC invocations=29 (full 4):
 PSYoungGen      total 298496K, used 280729K [0x00000000e0000000, 0x00000000f8280000, 0x0000000100000000)
  eden space 229888K, 97% used [0x00000000e0000000,0x00000000eda759a8,0x00000000ee080000)
  from space 68608K, 83% used [0x00000000f2a80000,0x00000000f6230da0,0x00000000f6d80000)
  to   space 75776K, 0% used [0x00000000ee080000,0x00000000ee080000,0x00000000f2a80000)
 ParOldGen       total 308736K, used 138714K [0x00000000a0000000, 0x00000000b2d80000, 0x00000000e0000000)
  object space 308736K, 44% used [0x00000000a0000000,0x00000000a8776950,0x00000000b2d80000)
 Metaspace       used 93963K, capacity 97436K, committed 97536K, reserved 1134592K
  class space    used 12063K, capacity 12775K, committed 12800K, reserved 1048576K
Event: 426.767 GC heap after
Heap after GC invocations=29 (full 4):
 PSYoungGen      total 305664K, used 75747K [0x00000000e0000000, 0x00000000fb480000, 0x0000000100000000)
  eden space 229888K, 0% used [0x00000000e0000000,0x00000000e0000000,0x00000000ee080000)
  from space 75776K, 99% used [0x00000000ee080000,0x00000000f2a78de0,0x00000000f2a80000)
  to   space 91136K, 0% used [0x00000000f5b80000,0x00000000f5b80000,0x00000000fb480000)
 ParOldGen       total 308736K, used 147550K [0x00000000a0000000, 0x00000000b2d80000, 0x00000000e0000000)
  object space 308736K, 47% used [0x00000000a0000000,0x00000000a9017a68,0x00000000b2d80000)
 Metaspace       used 93963K, capacity 97436K, committed 97536K, reserved 1134592K
  class space    used 12063K, capacity 12775K, committed 12800K, reserved 1048576K
}
Event: 463.680 GC heap before
{Heap before GC invocations=30 (full 4):
 PSYoungGen      total 305664K, used 305635K [0x00000000e0000000, 0x00000000fb480000, 0x0000000100000000)
  eden space 229888K, 100% used [0x00000000e0000000,0x00000000ee080000,0x00000000ee080000)
  from space 75776K, 99% used [0x00000000ee080000,0x00000000f2a78de0,0x00000000f2a80000)
  to   space 91136K, 0% used [0x00000000f5b80000,0x00000000f5b80000,0x00000000fb480000)
 ParOldGen       total 308736K, used 147550K [0x00000000a0000000, 0x00000000b2d80000, 0x00000000e0000000)
  object space 308736K, 47% used [0x00000000a0000000,0x00000000a9017a68,0x00000000b2d80000)
 Metaspace       used 94367K, capacity 98094K, committed 98176K, reserved 1134592K
  class space    used 12100K, capacity 12858K, committed 12928K, reserved 1048576K
Event: 463.733 GC heap after
Heap after GC invocations=30 (full 4):
 PSYoungGen      total 350720K, used 64847K [0x00000000e0000000, 0x00000000fba00000, 0x0000000100000000)
  eden space 259584K, 0% used [0x00000000e0000000,0x00000000e0000000,0x00000000efd80000)
  from space 91136K, 71% used [0x00000000f5b80000,0x00000000f9ad3cf0,0x00000000fb480000)
  to   space 96256K, 0% used [0x00000000efd80000,0x00000000efd80000,0x00000000f5b80000)
 ParOldGen       total 308736K, used 147558K [0x00000000a0000000, 0x00000000b2d80000, 0x00000000e0000000)
  object space 308736K, 47% used [0x00000000a0000000,0x00000000a9019a68,0x00000000b2d80000)
 Metaspace       used 94367K, capacity 98094K, committed 98176K, reserved 1134592K
  class space    used 12100K, capacity 12858K, committed 12928K, reserved 1048576K
}
Event: 467.003 GC heap before
{Heap before GC invocations=31 (full 4):
 PSYoungGen      total 350720K, used 324431K [0x00000000e0000000, 0x00000000fba00000, 0x0000000100000000)
  eden space 259584K, 100% used [0x00000000e0000000,0x00000000efd80000,0x00000000efd80000)
  from space 91136K, 71% used [0x00000000f5b80000,0x00000000f9ad3cf0,0x00000000fb480000)
  to   space 96256K, 0% used [0x00000000efd80000,0x00000000efd80000,0x00000000f5b80000)
 ParOldGen       total 308736K, used 147558K [0x00000000a0000000, 0x00000000b2d80000, 0x00000000e0000000)
  object space 308736K, 47% used [0x00000000a0000000,0x00000000a9019a68,0x00000000b2d80000)
 Metaspace       used 94533K, capacity 98312K, committed 98432K, reserved 1134592K
  class space    used 12109K, capacity 12873K, committed 12928K, reserved 1048576K
Event: 467.047 GC heap after
Heap after GC invocations=31 (full 4):
 PSYoungGen      total 355840K, used 59065K [0x00000000e0000000, 0x00000000fdd00000, 0x0000000100000000)
  eden space 259584K, 0% used [0x00000000e0000000,0x00000000e0000000,0x00000000efd80000)
  from space 96256K, 61% used [0x00000000efd80000,0x00000000f372e7f0,0x00000000f5b80000)
  to   space 98304K, 0% used [0x00000000f7d00000,0x00000000f7d00000,0x00000000fdd00000)
 ParOldGen       total 308736K, used 147566K [0x00000000a0000000, 0x00000000b2d80000, 0x00000000e0000000)
  object space 308736K, 47% used [0x00000000a0000000,0x00000000a901ba68,0x00000000b2d80000)
 Metaspace       used 94533K, capacity 98312K, committed 98432K, reserved 1134592K
  class space    used 12109K, capacity 12873K, committed 12928K, reserved 1048576K
}
Event: 468.193 GC heap before
{Heap before GC invocations=32 (full 4):
 PSYoungGen      total 355840K, used 318649K [0x00000000e0000000, 0x00000000fdd00000, 0x0000000100000000)
  eden space 259584K, 100% used [0x00000000e0000000,0x00000000efd80000,0x00000000efd80000)
  from space 96256K, 61% used [0x00000000efd80000,0x00000000f372e7f0,0x00000000f5b80000)
  to   space 98304K, 0% used [0x00000000f7d00000,0x00000000f7d00000,0x00000000fdd00000)
 ParOldGen       total 308736K, used 147566K [0x00000000a0000000, 0x00000000b2d80000, 0x00000000e0000000)
  object space 308736K, 47% used [0x00000000a0000000,0x00000000a901ba68,0x00000000b2d80000)
 Metaspace       used 94632K, capacity 98438K, committed 98688K, reserved 1134592K
  class space    used 12120K, capacity 12892K, committed 12928K, reserved 1048576K
Event: 468.391 GC heap after
Heap after GC invocations=32 (full 4):
 PSYoungGen      total 357888K, used 98288K [0x00000000e0000000, 0x00000000fdd00000, 0x0000000100000000)
  eden space 259584K, 0% used [0x00000000e0000000,0x00000000e0000000,0x00000000efd80000)
  from space 98304K, 99% used [0x00000000f7d00000,0x00000000fdcfc040,0x00000000fdd00000)
  to   space 96256K, 0% used [0x00000000efd80000,0x00000000efd80000,0x00000000f5b80000)
 ParOldGen       total 308736K, used 205290K [0x00000000a0000000, 0x00000000b2d80000, 0x00000000e0000000)
  object space 308736K, 66% used [0x00000000a0000000,0x00000000ac87aa78,0x00000000b2d80000)
 Metaspace       used 94632K, capacity 98438K, committed 98688K, reserved 1134592K
  class space    used 12120K, capacity 12892K, committed 12928K, reserved 1048576K
}

