# JRE version: OpenJDK Runtime Environment (8.0_212-b04) (build 1.8.0_212-release-1586-b04)
# Java VM: OpenJDK 64-Bit Server VM (25.212-b04 mixed mode windows-amd64 compressed oops)
Heap:
 PSYoungGen      total 118272K, used 25683K [0x00000000e0000000, 0x00000000ea800000, 0x0000000100000000)
  eden space 106496K, 24% used [0x00000000e0000000,0x00000000e1914d88,0x00000000e6800000)
  from space 11776K, 0% used [0x00000000e6800000,0x00000000e6800000,0x00000000e7380000)
  to   space 12800K, 0% used [0x00000000e9b80000,0x00000000e9b80000,0x00000000ea800000)
 ParOldGen       total 89600K, used 17322K [0x00000000a0000000, 0x00000000a5780000, 0x00000000e0000000)
  object space 89600K, 19% used [0x00000000a0000000,0x00000000a10eab48,0x00000000a5780000)
 Metaspace       used 35164K, capacity 36150K, committed 36352K, reserved 1081344K
  class space    used 4825K, capacity 5085K, committed 5120K, reserved 1048576K
GC Heap History (10 events):
Event: 2.355 GC heap before
{Heap before GC invocations=7 (full 1):
 PSYoungGen      total 76800K, used 8783K [0x00000000e0000000, 0x00000000e5700000, 0x0000000100000000)
  eden space 66048K, 0% used [0x00000000e0000000,0x00000000e0000000,0x00000000e4080000)
  from space 10752K, 81% used [0x00000000e4b80000,0x00000000e5413d10,0x00000000e5600000)
  to   space 11264K, 0% used [0x00000000e4080000,0x00000000e4080000,0x00000000e4b80000)
 ParOldGen       total 87552K, used 8183K [0x00000000a0000000, 0x00000000a5580000, 0x00000000e0000000)
  object space 87552K, 9% used [0x00000000a0000000,0x00000000a07fdcd0,0x00000000a5580000)
 Metaspace       used 20629K, capacity 21178K, committed 21296K, reserved 1067008K
  class space    used 2974K, capacity 3133K, committed 3200K, reserved 1048576K
Event: 2.385 GC heap after
Heap after GC invocations=7 (full 1):
 PSYoungGen      total 76800K, used 0K [0x00000000e0000000, 0x00000000e5700000, 0x0000000100000000)
  eden space 66048K, 0% used [0x00000000e0000000,0x00000000e0000000,0x00000000e4080000)
  from space 10752K, 0% used [0x00000000e4b80000,0x00000000e4b80000,0x00000000e5600000)
  to   space 11264K, 0% used [0x00000000e4080000,0x00000000e4080000,0x00000000e4b80000)
 ParOldGen       total 59904K, used 9752K [0x00000000a0000000, 0x00000000a3a80000, 0x00000000e0000000)
  object space 59904K, 16% used [0x00000000a0000000,0x00000000a0986210,0x00000000a3a80000)
 Metaspace       used 20629K, capacity 21178K, committed 21296K, reserved 1067008K
  class space    used 2974K, capacity 3133K, committed 3200K, reserved 1048576K
}
Event: 3.018 GC heap before
{Heap before GC invocations=8 (full 1):
 PSYoungGen      total 76800K, used 66048K [0x00000000e0000000, 0x00000000e5700000, 0x0000000100000000)
  eden space 66048K, 100% used [0x00000000e0000000,0x00000000e4080000,0x00000000e4080000)
  from space 10752K, 0% used [0x00000000e4b80000,0x00000000e4b80000,0x00000000e5600000)
  to   space 11264K, 0% used [0x00000000e4080000,0x00000000e4080000,0x00000000e4b80000)
 ParOldGen       total 59904K, used 9752K [0x00000000a0000000, 0x00000000a3a80000, 0x00000000e0000000)
  object space 59904K, 16% used [0x00000000a0000000,0x00000000a0986210,0x00000000a3a80000)
 Metaspace       used 29042K, capacity 29566K, committed 29696K, reserved 1075200K
  class space    used 3906K, capacity 4069K, committed 4096K, reserved 1048576K
Event: 3.027 GC heap after
Heap after GC invocations=8 (full 1):
 PSYoungGen      total 77312K, used 8079K [0x00000000e0000000, 0x00000000e7f00000, 0x0000000100000000)
  eden space 66048K, 0% used [0x00000000e0000000,0x00000000e0000000,0x00000000e4080000)
  from space 11264K, 71% used [0x00000000e4080000,0x00000000e4863e48,0x00000000e4b80000)
  to   space 11776K, 0% used [0x00000000e7380000,0x00000000e7380000,0x00000000e7f00000)
 ParOldGen       total 59904K, used 9760K [0x00000000a0000000, 0x00000000a3a80000, 0x00000000e0000000)
  object space 59904K, 16% used [0x00000000a0000000,0x00000000a0988210,0x00000000a3a80000)
 Metaspace       used 29042K, capacity 29566K, committed 29696K, reserved 1075200K
  class space    used 3906K, capacity 4069K, committed 4096K, reserved 1048576K
}
Event: 3.540 GC heap before
{Heap before GC invocations=9 (full 1):
 PSYoungGen      total 77312K, used 74127K [0x00000000e0000000, 0x00000000e7f00000, 0x0000000100000000)
  eden space 66048K, 100% used [0x00000000e0000000,0x00000000e4080000,0x00000000e4080000)
  from space 11264K, 71% used [0x00000000e4080000,0x00000000e4863e48,0x00000000e4b80000)
  to   space 11776K, 0% used [0x00000000e7380000,0x00000000e7380000,0x00000000e7f00000)
 ParOldGen       total 59904K, used 9760K [0x00000000a0000000, 0x00000000a3a80000, 0x00000000e0000000)
  object space 59904K, 16% used [0x00000000a0000000,0x00000000a0988210,0x00000000a3a80000)
 Metaspace       used 31950K, capacity 32540K, committed 32768K, reserved 1077248K
  class space    used 4373K, capacity 4591K, committed 4608K, reserved 1048576K
Event: 3.558 GC heap after
Heap after GC invocations=9 (full 1):
 PSYoungGen      total 118272K, used 8774K [0x00000000e0000000, 0x00000000e8200000, 0x0000000100000000)
  eden space 106496K, 0% used [0x00000000e0000000,0x00000000e0000000,0x00000000e6800000)
  from space 11776K, 74% used [0x00000000e7380000,0x00000000e7c11890,0x00000000e7f00000)
  to   space 11776K, 0% used [0x00000000e6800000,0x00000000e6800000,0x00000000e7380000)
 ParOldGen       total 59904K, used 9768K [0x00000000a0000000, 0x00000000a3a80000, 0x00000000e0000000)
  object space 59904K, 16% used [0x00000000a0000000,0x00000000a098a210,0x00000000a3a80000)
 Metaspace       used 31950K, capacity 32540K, committed 32768K, reserved 1077248K
  class space    used 4373K, capacity 4591K, committed 4608K, reserved 1048576K
}
Event: 4.314 GC heap before
{Heap before GC invocations=10 (full 1):
 PSYoungGen      total 118272K, used 65843K [0x00000000e0000000, 0x00000000e8200000, 0x0000000100000000)
  eden space 106496K, 53% used [0x00000000e0000000,0x00000000e37bb5c8,0x00000000e6800000)
  from space 11776K, 74% used [0x00000000e7380000,0x00000000e7c11890,0x00000000e7f00000)
  to   space 11776K, 0% used [0x00000000e6800000,0x00000000e6800000,0x00000000e7380000)
 ParOldGen       total 59904K, used 9768K [0x00000000a0000000, 0x00000000a3a80000, 0x00000000e0000000)
  object space 59904K, 16% used [0x00000000a0000000,0x00000000a098a210,0x00000000a3a80000)
 Metaspace       used 34494K, capacity 35332K, committed 35456K, reserved 1079296K
  class space    used 4715K, capacity 4925K, committed 4992K, reserved 1048576K
Event: 4.323 GC heap after
Heap after GC invocations=10 (full 1):
 PSYoungGen      total 118272K, used 10167K [0x00000000e0000000, 0x00000000ea800000, 0x0000000100000000)
  eden space 106496K, 0% used [0x00000000e0000000,0x00000000e0000000,0x00000000e6800000)
  from space 11776K, 86% used [0x00000000e6800000,0x00000000e71edd88,0x00000000e7380000)
  to   space 12800K, 0% used [0x00000000e9b80000,0x00000000e9b80000,0x00000000ea800000)
 ParOldGen       total 59904K, used 9776K [0x00000000a0000000, 0x00000000a3a80000, 0x00000000e0000000)
  object space 59904K, 16% used [0x00000000a0000000,0x00000000a098c210,0x00000000a3a80000)
 Metaspace       used 34494K, capacity 35332K, committed 35456K, reserved 1079296K
  class space    used 4715K, capacity 4925K, committed 4992K, reserved 1048576K
}
Event: 4.323 GC heap before
{Heap before GC invocations=11 (full 2):
 PSYoungGen      total 118272K, used 10167K [0x00000000e0000000, 0x00000000ea800000, 0x0000000100000000)
  eden space 106496K, 0% used [0x00000000e0000000,0x00000000e0000000,0x00000000e6800000)
  from space 11776K, 86% used [0x00000000e6800000,0x00000000e71edd88,0x00000000e7380000)
  to   space 12800K, 0% used [0x00000000e9b80000,0x00000000e9b80000,0x00000000ea800000)
 ParOldGen       total 59904K, used 9776K [0x00000000a0000000, 0x00000000a3a80000, 0x00000000e0000000)
  object space 59904K, 16% used [0x00000000a0000000,0x00000000a098c210,0x00000000a3a80000)
 Metaspace       used 34494K, capacity 35332K, committed 35456K, reserved 1079296K
  class space    used 4715K, capacity 4925K, committed 4992K, reserved 1048576K
Event: 4.374 GC heap after
Heap after GC invocations=11 (full 2):
 PSYoungGen      total 118272K, used 0K [0x00000000e0000000, 0x00000000ea800000, 0x0000000100000000)
  eden space 106496K, 0% used [0x00000000e0000000,0x00000000e0000000,0x00000000e6800000)
  from space 11776K, 0% used [0x00000000e6800000,0x00000000e6800000,0x00000000e7380000)
  to   space 12800K, 0% used [0x00000000e9b80000,0x00000000e9b80000,0x00000000ea800000)
 ParOldGen       total 89600K, used 17322K [0x00000000a0000000, 0x00000000a5780000, 0x00000000e0000000)
  object space 89600K, 19% used [0x00000000a0000000,0x00000000a10eab48,0x00000000a5780000)
 Metaspace       used 34486K, capacity 35308K, committed 35456K, reserved 1079296K
  class space    used 4713K, capacity 4921K, committed 4992K, reserved 1048576K
}

