# JRE version: OpenJDK Runtime Environment (8.0_212-b04) (build 1.8.0_212-release-1586-b04)
# Java VM: OpenJDK 64-Bit Server VM (25.212-b04 mixed mode windows-amd64 compressed oops)
Heap:
 PSYoungGen      total 210432K, used 102188K [0x00000000e0000000, 0x00000000eea80000, 0x0000000100000000)
  eden space 190976K, 43% used [0x00000000e0000000,0x00000000e50d1208,0x00000000eba80000)
  from space 19456K, 99% used [0x00000000ed100000,0x00000000ee3fa080,0x00000000ee400000)
  to   space 23040K, 0% used [0x00000000eba80000,0x00000000eba80000,0x00000000ed100000)
 ParOldGen       total 141312K, used 67143K [0x00000000a0000000, 0x00000000a8a00000, 0x00000000e0000000)
  object space 141312K, 47% used [0x00000000a0000000,0x00000000a4191d30,0x00000000a8a00000)
 Metaspace       used 81354K, capacity 85000K, committed 85032K, reserved 1122304K
  class space    used 10798K, capacity 11529K, committed 11560K, reserved 1048576K
GC Heap History (10 events):
Event: 6.834 GC heap before
{Heap before GC invocations=15 (full 3):
 PSYoungGen      total 177152K, used 14538K [0x00000000e0000000, 0x00000000ed480000, 0x0000000100000000)
  eden space 159232K, 0% used [0x00000000e0000000,0x00000000e0000000,0x00000000e9b80000)
  from space 17920K, 81% used [0x00000000eae80000,0x00000000ebcb2828,0x00000000ec000000)
  to   space 19456K, 0% used [0x00000000e9b80000,0x00000000e9b80000,0x00000000eae80000)
 ParOldGen       total 95232K, used 31243K [0x00000000a0000000, 0x00000000a5d00000, 0x00000000e0000000)
  object space 95232K, 32% used [0x00000000a0000000,0x00000000a1e82d88,0x00000000a5d00000)
 Metaspace       used 56969K, capacity 59044K, committed 59160K, reserved 1099776K
  class space    used 7784K, capacity 8271K, committed 8360K, reserved 1048576K
Event: 7.021 GC heap after
Heap after GC invocations=15 (full 3):
 PSYoungGen      total 177152K, used 0K [0x00000000e0000000, 0x00000000ed480000, 0x0000000100000000)
  eden space 159232K, 0% used [0x00000000e0000000,0x00000000e0000000,0x00000000e9b80000)
  from space 17920K, 0% used [0x00000000eae80000,0x00000000eae80000,0x00000000ec000000)
  to   space 19456K, 0% used [0x00000000e9b80000,0x00000000e9b80000,0x00000000eae80000)
 ParOldGen       total 141312K, used 35104K [0x00000000a0000000, 0x00000000a8a00000, 0x00000000e0000000)
  object space 141312K, 24% used [0x00000000a0000000,0x00000000a2248260,0x00000000a8a00000)
 Metaspace       used 56962K, capacity 59020K, committed 59160K, reserved 1099776K
  class space    used 7782K, capacity 8267K, committed 8360K, reserved 1048576K
}
Event: 8.377 GC heap before
{Heap before GC invocations=16 (full 3):
 PSYoungGen      total 177152K, used 159232K [0x00000000e0000000, 0x00000000ed480000, 0x0000000100000000)
  eden space 159232K, 100% used [0x00000000e0000000,0x00000000e9b80000,0x00000000e9b80000)
  from space 17920K, 0% used [0x00000000eae80000,0x00000000eae80000,0x00000000ec000000)
  to   space 19456K, 0% used [0x00000000e9b80000,0x00000000e9b80000,0x00000000eae80000)
 ParOldGen       total 141312K, used 35104K [0x00000000a0000000, 0x00000000a8a00000, 0x00000000e0000000)
  object space 141312K, 24% used [0x00000000a0000000,0x00000000a2248260,0x00000000a8a00000)
 Metaspace       used 62361K, capacity 64920K, committed 64936K, reserved 1105920K
  class space    used 8583K, capacity 9119K, committed 9128K, reserved 1048576K
Event: 8.398 GC heap after
Heap after GC invocations=16 (full 3):
 PSYoungGen      total 178688K, used 12556K [0x00000000e0000000, 0x00000000ee400000, 0x0000000100000000)
  eden space 159232K, 0% used [0x00000000e0000000,0x00000000e0000000,0x00000000e9b80000)
  from space 19456K, 64% used [0x00000000e9b80000,0x00000000ea7c3110,0x00000000eae80000)
  to   space 19456K, 0% used [0x00000000ed100000,0x00000000ed100000,0x00000000ee400000)
 ParOldGen       total 141312K, used 35112K [0x00000000a0000000, 0x00000000a8a00000, 0x00000000e0000000)
  object space 141312K, 24% used [0x00000000a0000000,0x00000000a224a260,0x00000000a8a00000)
 Metaspace       used 62361K, capacity 64920K, committed 64936K, reserved 1105920K
  class space    used 8583K, capacity 9119K, committed 9128K, reserved 1048576K
}
Event: 9.604 GC heap before
{Heap before GC invocations=17 (full 3):
 PSYoungGen      total 178688K, used 171788K [0x00000000e0000000, 0x00000000ee400000, 0x0000000100000000)
  eden space 159232K, 100% used [0x00000000e0000000,0x00000000e9b80000,0x00000000e9b80000)
  from space 19456K, 64% used [0x00000000e9b80000,0x00000000ea7c3110,0x00000000eae80000)
  to   space 19456K, 0% used [0x00000000ed100000,0x00000000ed100000,0x00000000ee400000)
 ParOldGen       total 141312K, used 35112K [0x00000000a0000000, 0x00000000a8a00000, 0x00000000e0000000)
  object space 141312K, 24% used [0x00000000a0000000,0x00000000a224a260,0x00000000a8a00000)
 Metaspace       used 69413K, capacity 72098K, committed 72360K, reserved 1112064K
  class space    used 9485K, capacity 10046K, committed 10152K, reserved 1048576K
Event: 9.629 GC heap after
Heap after GC invocations=17 (full 3):
 PSYoungGen      total 210432K, used 19430K [0x00000000e0000000, 0x00000000eea80000, 0x0000000100000000)
  eden space 190976K, 0% used [0x00000000e0000000,0x00000000e0000000,0x00000000eba80000)
  from space 19456K, 99% used [0x00000000ed100000,0x00000000ee3f9b00,0x00000000ee400000)
  to   space 23040K, 0% used [0x00000000eba80000,0x00000000eba80000,0x00000000ed100000)
 ParOldGen       total 141312K, used 38546K [0x00000000a0000000, 0x00000000a8a00000, 0x00000000e0000000)
  object space 141312K, 27% used [0x00000000a0000000,0x00000000a25a4870,0x00000000a8a00000)
 Metaspace       used 69413K, capacity 72098K, committed 72360K, reserved 1112064K
  class space    used 9485K, capacity 10046K, committed 10152K, reserved 1048576K
}
Event: 89.776 GC heap before
{Heap before GC invocations=18 (full 3):
 PSYoungGen      total 210432K, used 210406K [0x00000000e0000000, 0x00000000eea80000, 0x0000000100000000)
  eden space 190976K, 100% used [0x00000000e0000000,0x00000000eba80000,0x00000000eba80000)
  from space 19456K, 99% used [0x00000000ed100000,0x00000000ee3f9b00,0x00000000ee400000)
  to   space 23040K, 0% used [0x00000000eba80000,0x00000000eba80000,0x00000000ed100000)
 ParOldGen       total 141312K, used 38546K [0x00000000a0000000, 0x00000000a8a00000, 0x00000000e0000000)
  object space 141312K, 27% used [0x00000000a0000000,0x00000000a25a4870,0x00000000a8a00000)
 Metaspace       used 76088K, capacity 79542K, committed 79784K, reserved 1118208K
  class space    used 10129K, capacity 10848K, committed 10920K, reserved 1048576K
Event: 89.800 GC heap after
Heap after GC invocations=18 (full 3):
 PSYoungGen      total 214016K, used 20973K [0x00000000e0000000, 0x00000000eea80000, 0x0000000100000000)
  eden space 190976K, 0% used [0x00000000e0000000,0x00000000e0000000,0x00000000eba80000)
  from space 23040K, 91% used [0x00000000eba80000,0x00000000ecefb6f8,0x00000000ed100000)
  to   space 19456K, 0% used [0x00000000ed100000,0x00000000ed100000,0x00000000ee400000)
 ParOldGen       total 141312K, used 47575K [0x00000000a0000000, 0x00000000a8a00000, 0x00000000e0000000)
  object space 141312K, 33% used [0x00000000a0000000,0x00000000a2e75e00,0x00000000a8a00000)
 Metaspace       used 76088K, capacity 79542K, committed 79784K, reserved 1118208K
  class space    used 10129K, capacity 10848K, committed 10920K, reserved 1048576K
}
Event: 91.802 GC heap before
{Heap before GC invocations=19 (full 3):
 PSYoungGen      total 214016K, used 211949K [0x00000000e0000000, 0x00000000eea80000, 0x0000000100000000)
  eden space 190976K, 100% used [0x00000000e0000000,0x00000000eba80000,0x00000000eba80000)
  from space 23040K, 91% used [0x00000000eba80000,0x00000000ecefb6f8,0x00000000ed100000)
  to   space 19456K, 0% used [0x00000000ed100000,0x00000000ed100000,0x00000000ee400000)
 ParOldGen       total 141312K, used 47575K [0x00000000a0000000, 0x00000000a8a00000, 0x00000000e0000000)
  object space 141312K, 33% used [0x00000000a0000000,0x00000000a2e75e00,0x00000000a8a00000)
 Metaspace       used 79760K, capacity 83396K, committed 83624K, reserved 1122304K
  class space    used 10598K, capacity 11349K, committed 11432K, reserved 1048576K
Event: 91.833 GC heap after
Heap after GC invocations=19 (full 3):
 PSYoungGen      total 210432K, used 19432K [0x00000000e0000000, 0x00000000eea80000, 0x0000000100000000)
  eden space 190976K, 0% used [0x00000000e0000000,0x00000000e0000000,0x00000000eba80000)
  from space 19456K, 99% used [0x00000000ed100000,0x00000000ee3fa080,0x00000000ee400000)
  to   space 23040K, 0% used [0x00000000eba80000,0x00000000eba80000,0x00000000ed100000)
 ParOldGen       total 141312K, used 67143K [0x00000000a0000000, 0x00000000a8a00000, 0x00000000e0000000)
  object space 141312K, 47% used [0x00000000a0000000,0x00000000a4191d30,0x00000000a8a00000)
 Metaspace       used 79760K, capacity 83396K, committed 83624K, reserved 1122304K
  class space    used 10598K, capacity 11349K, committed 11432K, reserved 1048576K
}

