# JRE version: OpenJDK Runtime Environment (8.0_212-b04) (build 1.8.0_212-release-1586-b04)
# Java VM: OpenJDK 64-Bit Server VM (25.212-b04 mixed mode windows-amd64 compressed oops)
Heap:
 PSYoungGen      total 378880K, used 370958K [0x00000000e0000000, 0x0000000100000000, 0x0000000100000000)
  eden space 307200K, 97% used [0x00000000e0000000,0x00000000f2495f68,0x00000000f2c00000)
  from space 71680K, 99% used [0x00000000f2c00000,0x00000000f71ad930,0x00000000f7200000)
  to   space 111104K, 0% used [0x00000000f9380000,0x00000000f9380000,0x0000000100000000)
 ParOldGen       total 299008K, used 139273K [0x00000000a0000000, 0x00000000b2400000, 0x00000000e0000000)
  object space 299008K, 46% used [0x00000000a0000000,0x00000000a8802420,0x00000000b2400000)
 Metaspace       used 103059K, capacity 108212K, committed 108544K, reserved 1142784K
  class space    used 13269K, capacity 14211K, committed 14336K, reserved 1048576K
GC Heap History (10 events):
Event: 502.445 GC heap before
{Heap before GC invocations=31 (full 4):
 PSYoungGen      total 355840K, used 348299K [0x00000000e0000000, 0x00000000fc500000, 0x0000000100000000)
  eden space 275968K, 100% used [0x00000000e0000000,0x00000000f0d80000,0x00000000f0d80000)
  from space 79872K, 90% used [0x00000000f6500000,0x00000000faba2cc8,0x00000000fb300000)
  to   space 89600K, 0% used [0x00000000f0d80000,0x00000000f0d80000,0x00000000f6500000)
 ParOldGen       total 299008K, used 139241K [0x00000000a0000000, 0x00000000b2400000, 0x00000000e0000000)
  object space 299008K, 46% used [0x00000000a0000000,0x00000000a87fa420,0x00000000b2400000)
 Metaspace       used 95153K, capacity 99092K, committed 99328K, reserved 1136640K
  class space    used 12190K, capacity 12935K, committed 13056K, reserved 1048576K
Event: 502.483 GC heap after
Heap after GC invocations=31 (full 4):
 PSYoungGen      total 365568K, used 68782K [0x00000000e0000000, 0x00000000fe180000, 0x0000000100000000)
  eden space 275968K, 0% used [0x00000000e0000000,0x00000000e0000000,0x00000000f0d80000)
  from space 89600K, 76% used [0x00000000f0d80000,0x00000000f50abac8,0x00000000f6500000)
  to   space 96256K, 0% used [0x00000000f8380000,0x00000000f8380000,0x00000000fe180000)
 ParOldGen       total 299008K, used 139241K [0x00000000a0000000, 0x00000000b2400000, 0x00000000e0000000)
  object space 299008K, 46% used [0x00000000a0000000,0x00000000a87fa420,0x00000000b2400000)
 Metaspace       used 95153K, capacity 99092K, committed 99328K, reserved 1136640K
  class space    used 12190K, capacity 12935K, committed 13056K, reserved 1048576K
}
Event: 534.931 GC heap before
{Heap before GC invocations=32 (full 4):
 PSYoungGen      total 365568K, used 344750K [0x00000000e0000000, 0x00000000fe180000, 0x0000000100000000)
  eden space 275968K, 100% used [0x00000000e0000000,0x00000000f0d80000,0x00000000f0d80000)
  from space 89600K, 76% used [0x00000000f0d80000,0x00000000f50abac8,0x00000000f6500000)
  to   space 96256K, 0% used [0x00000000f8380000,0x00000000f8380000,0x00000000fe180000)
 ParOldGen       total 299008K, used 139241K [0x00000000a0000000, 0x00000000b2400000, 0x00000000e0000000)
  object space 299008K, 46% used [0x00000000a0000000,0x00000000a87fa420,0x00000000b2400000)
 Metaspace       used 95425K, capacity 99486K, committed 99840K, reserved 1136640K
  class space    used 12201K, capacity 12948K, committed 13056K, reserved 1048576K
Event: 534.994 GC heap after
Heap after GC invocations=32 (full 4):
 PSYoungGen      total 390144K, used 72709K [0x00000000e0000000, 0x00000000feb00000, 0x0000000100000000)
  eden space 293888K, 0% used [0x00000000e0000000,0x00000000e0000000,0x00000000f1f00000)
  from space 96256K, 75% used [0x00000000f8380000,0x00000000fca81448,0x00000000fe180000)
  to   space 102912K, 0% used [0x00000000f1f00000,0x00000000f1f00000,0x00000000f8380000)
 ParOldGen       total 299008K, used 139249K [0x00000000a0000000, 0x00000000b2400000, 0x00000000e0000000)
  object space 299008K, 46% used [0x00000000a0000000,0x00000000a87fc420,0x00000000b2400000)
 Metaspace       used 95425K, capacity 99486K, committed 99840K, reserved 1136640K
  class space    used 12201K, capacity 12948K, committed 13056K, reserved 1048576K
}
Event: 541.745 GC heap before
{Heap before GC invocations=33 (full 4):
 PSYoungGen      total 390144K, used 366597K [0x00000000e0000000, 0x00000000feb00000, 0x0000000100000000)
  eden space 293888K, 100% used [0x00000000e0000000,0x00000000f1f00000,0x00000000f1f00000)
  from space 96256K, 75% used [0x00000000f8380000,0x00000000fca81448,0x00000000fe180000)
  to   space 102912K, 0% used [0x00000000f1f00000,0x00000000f1f00000,0x00000000f8380000)
 ParOldGen       total 299008K, used 139249K [0x00000000a0000000, 0x00000000b2400000, 0x00000000e0000000)
  object space 299008K, 46% used [0x00000000a0000000,0x00000000a87fc420,0x00000000b2400000)
 Metaspace       used 95533K, capacity 99550K, committed 99840K, reserved 1136640K
  class space    used 12201K, capacity 12948K, committed 13056K, reserved 1048576K
Event: 541.784 GC heap after
Heap after GC invocations=33 (full 4):
 PSYoungGen      total 396800K, used 69138K [0x00000000e0000000, 0x0000000100000000, 0x0000000100000000)
  eden space 293888K, 0% used [0x00000000e0000000,0x00000000e0000000,0x00000000f1f00000)
  from space 102912K, 67% used [0x00000000f1f00000,0x00000000f6284ad8,0x00000000f8380000)
  to   space 106496K, 0% used [0x00000000f9800000,0x00000000f9800000,0x0000000100000000)
 ParOldGen       total 299008K, used 139257K [0x00000000a0000000, 0x00000000b2400000, 0x00000000e0000000)
  object space 299008K, 46% used [0x00000000a0000000,0x00000000a87fe420,0x00000000b2400000)
 Metaspace       used 95533K, capacity 99550K, committed 99840K, reserved 1136640K
  class space    used 12201K, capacity 12948K, committed 13056K, reserved 1048576K
}
Event: 577.495 GC heap before
{Heap before GC invocations=34 (full 4):
 PSYoungGen      total 396800K, used 363026K [0x00000000e0000000, 0x0000000100000000, 0x0000000100000000)
  eden space 293888K, 100% used [0x00000000e0000000,0x00000000f1f00000,0x00000000f1f00000)
  from space 102912K, 67% used [0x00000000f1f00000,0x00000000f6284ad8,0x00000000f8380000)
  to   space 106496K, 0% used [0x00000000f9800000,0x00000000f9800000,0x0000000100000000)
 ParOldGen       total 299008K, used 139257K [0x00000000a0000000, 0x00000000b2400000, 0x00000000e0000000)
  object space 299008K, 46% used [0x00000000a0000000,0x00000000a87fe420,0x00000000b2400000)
 Metaspace       used 100704K, capacity 105524K, committed 105600K, reserved 1140736K
  class space    used 12976K, capacity 13877K, committed 13952K, reserved 1048576K
Event: 577.563 GC heap after
Heap after GC invocations=34 (full 4):
 PSYoungGen      total 413696K, used 66837K [0x00000000e0000000, 0x0000000100000000, 0x0000000100000000)
  eden space 307200K, 0% used [0x00000000e0000000,0x00000000e0000000,0x00000000f2c00000)
  from space 106496K, 62% used [0x00000000f9800000,0x00000000fd9454e8,0x0000000100000000)
  to   space 108544K, 0% used [0x00000000f2c00000,0x00000000f2c00000,0x00000000f9600000)
 ParOldGen       total 299008K, used 139265K [0x00000000a0000000, 0x00000000b2400000, 0x00000000e0000000)
  object space 299008K, 46% used [0x00000000a0000000,0x00000000a8800420,0x00000000b2400000)
 Metaspace       used 100704K, capacity 105524K, committed 105600K, reserved 1140736K
  class space    used 12976K, capacity 13877K, committed 13952K, reserved 1048576K
}
Event: 640.304 GC heap before
{Heap before GC invocations=35 (full 4):
 PSYoungGen      total 413696K, used 374037K [0x00000000e0000000, 0x0000000100000000, 0x0000000100000000)
  eden space 307200K, 100% used [0x00000000e0000000,0x00000000f2c00000,0x00000000f2c00000)
  from space 106496K, 62% used [0x00000000f9800000,0x00000000fd9454e8,0x0000000100000000)
  to   space 108544K, 0% used [0x00000000f2c00000,0x00000000f2c00000,0x00000000f9600000)
 ParOldGen       total 299008K, used 139265K [0x00000000a0000000, 0x00000000b2400000, 0x00000000e0000000)
  object space 299008K, 46% used [0x00000000a0000000,0x00000000a8800420,0x00000000b2400000)
 Metaspace       used 102956K, capacity 108148K, committed 108288K, reserved 1142784K
  class space    used 13268K, capacity 14211K, committed 14336K, reserved 1048576K
Event: 640.348 GC heap after
Heap after GC invocations=35 (full 4):
 PSYoungGen      total 378880K, used 71350K [0x00000000e0000000, 0x0000000100000000, 0x0000000100000000)
  eden space 307200K, 0% used [0x00000000e0000000,0x00000000e0000000,0x00000000f2c00000)
  from space 71680K, 99% used [0x00000000f2c00000,0x00000000f71ad930,0x00000000f7200000)
  to   space 111104K, 0% used [0x00000000f9380000,0x00000000f9380000,0x0000000100000000)
 ParOldGen       total 299008K, used 139273K [0x00000000a0000000, 0x00000000b2400000, 0x00000000e0000000)
  object space 299008K, 46% used [0x00000000a0000000,0x00000000a8802420,0x00000000b2400000)
 Metaspace       used 102956K, capacity 108148K, committed 108288K, reserved 1142784K
  class space    used 13268K, capacity 14211K, committed 14336K, reserved 1048576K
}

