# JRE version: OpenJDK Runtime Environment (8.0_212-b04) (build 1.8.0_212-release-1586-b04)
# Java VM: OpenJDK 64-Bit Server VM (25.212-b04 mixed mode windows-amd64 compressed oops)
Heap:
 PSYoungGen      total 417792K, used 310220K [0x00000000e0000000, 0x00000000ffa00000, 0x0000000100000000)
  eden space 389120K, 76% used [0x00000000e0000000,0x00000000f23399b0,0x00000000f7c00000)
  from space 28672K, 41% used [0x00000000f7c00000,0x00000000f87b9808,0x00000000f9800000)
  to   space 27136K, 0% used [0x00000000fdf80000,0x00000000fdf80000,0x00000000ffa00000)
 ParOldGen       total 141312K, used 63687K [0x00000000a0000000, 0x00000000a8a00000, 0x00000000e0000000)
  object space 141312K, 45% used [0x00000000a0000000,0x00000000a3e31d68,0x00000000a8a00000)
 Metaspace       used 82997K, capacity 85502K, committed 85592K, reserved 1124352K
  class space    used 10681K, capacity 11286K, committed 11352K, reserved 1048576K
GC Heap History (10 events):
Event: 92.158 GC heap before
{Heap before GC invocations=22 (full 3):
 PSYoungGen      total 287232K, used 283366K [0x00000000e0000000, 0x00000000f3a80000, 0x0000000100000000)
  eden space 263168K, 100% used [0x00000000e0000000,0x00000000f0100000,0x00000000f0100000)
  from space 24064K, 83% used [0x00000000f1a80000,0x00000000f2e39988,0x00000000f3200000)
  to   space 26112K, 0% used [0x00000000f0100000,0x00000000f0100000,0x00000000f1a80000)
 ParOldGen       total 141312K, used 46833K [0x00000000a0000000, 0x00000000a8a00000, 0x00000000e0000000)
  object space 141312K, 33% used [0x00000000a0000000,0x00000000a2dbc5d8,0x00000000a8a00000)
 Metaspace       used 70741K, capacity 72878K, committed 73048K, reserved 1112064K
  class space    used 9266K, capacity 9788K, committed 9816K, reserved 1048576K
Event: 92.183 GC heap after
Heap after GC invocations=22 (full 3):
 PSYoungGen      total 289280K, used 22186K [0x00000000e0000000, 0x00000000f7100000, 0x0000000100000000)
  eden space 263168K, 0% used [0x00000000e0000000,0x00000000e0000000,0x00000000f0100000)
  from space 26112K, 84% used [0x00000000f0100000,0x00000000f16aa910,0x00000000f1a80000)
  to   space 28160K, 0% used [0x00000000f5580000,0x00000000f5580000,0x00000000f7100000)
 ParOldGen       total 141312K, used 46833K [0x00000000a0000000, 0x00000000a8a00000, 0x00000000e0000000)
  object space 141312K, 33% used [0x00000000a0000000,0x00000000a2dbc5d8,0x00000000a8a00000)
 Metaspace       used 70741K, capacity 72878K, committed 73048K, reserved 1112064K
  class space    used 9266K, capacity 9788K, committed 9816K, reserved 1048576K
}
Event: 92.797 GC heap before
{Heap before GC invocations=23 (full 3):
 PSYoungGen      total 289280K, used 285354K [0x00000000e0000000, 0x00000000f7100000, 0x0000000100000000)
  eden space 263168K, 100% used [0x00000000e0000000,0x00000000f0100000,0x00000000f0100000)
  from space 26112K, 84% used [0x00000000f0100000,0x00000000f16aa910,0x00000000f1a80000)
  to   space 28160K, 0% used [0x00000000f5580000,0x00000000f5580000,0x00000000f7100000)
 ParOldGen       total 141312K, used 46834K [0x00000000a0000000, 0x00000000a8a00000, 0x00000000e0000000)
  object space 141312K, 33% used [0x00000000a0000000,0x00000000a2dbc8f0,0x00000000a8a00000)
 Metaspace       used 70787K, capacity 72948K, committed 73048K, reserved 1112064K
  class space    used 9267K, capacity 9789K, committed 9816K, reserved 1048576K
Event: 92.823 GC heap after
Heap after GC invocations=23 (full 3):
 PSYoungGen      total 348160K, used 20856K [0x00000000e0000000, 0x00000000f7b80000, 0x0000000100000000)
  eden space 320000K, 0% used [0x00000000e0000000,0x00000000e0000000,0x00000000f3880000)
  from space 28160K, 74% used [0x00000000f5580000,0x00000000f69de120,0x00000000f7100000)
  to   space 29696K, 0% used [0x00000000f3880000,0x00000000f3880000,0x00000000f5580000)
 ParOldGen       total 141312K, used 46842K [0x00000000a0000000, 0x00000000a8a00000, 0x00000000e0000000)
  object space 141312K, 33% used [0x00000000a0000000,0x00000000a2dbe8f0,0x00000000a8a00000)
 Metaspace       used 70787K, capacity 72948K, committed 73048K, reserved 1112064K
  class space    used 9267K, capacity 9789K, committed 9816K, reserved 1048576K
}
Event: 96.362 GC heap before
{Heap before GC invocations=24 (full 3):
 PSYoungGen      total 348160K, used 340856K [0x00000000e0000000, 0x00000000f7b80000, 0x0000000100000000)
  eden space 320000K, 100% used [0x00000000e0000000,0x00000000f3880000,0x00000000f3880000)
  from space 28160K, 74% used [0x00000000f5580000,0x00000000f69de120,0x00000000f7100000)
  to   space 29696K, 0% used [0x00000000f3880000,0x00000000f3880000,0x00000000f5580000)
 ParOldGen       total 141312K, used 46845K [0x00000000a0000000, 0x00000000a8a00000, 0x00000000e0000000)
  object space 141312K, 33% used [0x00000000a0000000,0x00000000a2dbf648,0x00000000a8a00000)
 Metaspace       used 70891K, capacity 73076K, committed 73304K, reserved 1112064K
  class space    used 9268K, capacity 9789K, committed 9816K, reserved 1048576K
Event: 96.401 GC heap after
Heap after GC invocations=24 (full 3):
 PSYoungGen      total 349696K, used 13536K [0x00000000e0000000, 0x00000000fb980000, 0x0000000100000000)
  eden space 320000K, 0% used [0x00000000e0000000,0x00000000e0000000,0x00000000f3880000)
  from space 29696K, 45% used [0x00000000f3880000,0x00000000f45b80d0,0x00000000f5580000)
  to   space 28160K, 0% used [0x00000000f9e00000,0x00000000f9e00000,0x00000000fb980000)
 ParOldGen       total 141312K, used 61539K [0x00000000a0000000, 0x00000000a8a00000, 0x00000000e0000000)
  object space 141312K, 43% used [0x00000000a0000000,0x00000000a3c18c98,0x00000000a8a00000)
 Metaspace       used 70891K, capacity 73076K, committed 73304K, reserved 1112064K
  class space    used 9268K, capacity 9789K, committed 9816K, reserved 1048576K
}
Event: 97.853 GC heap before
{Heap before GC invocations=25 (full 3):
 PSYoungGen      total 349696K, used 333536K [0x00000000e0000000, 0x00000000fb980000, 0x0000000100000000)
  eden space 320000K, 100% used [0x00000000e0000000,0x00000000f3880000,0x00000000f3880000)
  from space 29696K, 45% used [0x00000000f3880000,0x00000000f45b80d0,0x00000000f5580000)
  to   space 28160K, 0% used [0x00000000f9e00000,0x00000000f9e00000,0x00000000fb980000)
 ParOldGen       total 141312K, used 61539K [0x00000000a0000000, 0x00000000a8a00000, 0x00000000e0000000)
  object space 141312K, 43% used [0x00000000a0000000,0x00000000a3c18c98,0x00000000a8a00000)
 Metaspace       used 70960K, capacity 73144K, committed 73304K, reserved 1112064K
  class space    used 9274K, capacity 9791K, committed 9816K, reserved 1048576K
Event: 97.860 GC heap after
Heap after GC invocations=25 (full 3):
 PSYoungGen      total 411648K, used 1765K [0x00000000e0000000, 0x00000000fb400000, 0x0000000100000000)
  eden space 389120K, 0% used [0x00000000e0000000,0x00000000e0000000,0x00000000f7c00000)
  from space 22528K, 7% used [0x00000000f9e00000,0x00000000f9fb9678,0x00000000fb400000)
  to   space 28672K, 0% used [0x00000000f7c00000,0x00000000f7c00000,0x00000000f9800000)
 ParOldGen       total 141312K, used 62975K [0x00000000a0000000, 0x00000000a8a00000, 0x00000000e0000000)
  object space 141312K, 44% used [0x00000000a0000000,0x00000000a3d7fce8,0x00000000a8a00000)
 Metaspace       used 70960K, capacity 73144K, committed 73304K, reserved 1112064K
  class space    used 9274K, capacity 9791K, committed 9816K, reserved 1048576K
}
Event: 110.739 GC heap before
{Heap before GC invocations=26 (full 3):
 PSYoungGen      total 411648K, used 390885K [0x00000000e0000000, 0x00000000fb400000, 0x0000000100000000)
  eden space 389120K, 100% used [0x00000000e0000000,0x00000000f7c00000,0x00000000f7c00000)
  from space 22528K, 7% used [0x00000000f9e00000,0x00000000f9fb9678,0x00000000fb400000)
  to   space 28672K, 0% used [0x00000000f7c00000,0x00000000f7c00000,0x00000000f9800000)
 ParOldGen       total 141312K, used 62975K [0x00000000a0000000, 0x00000000a8a00000, 0x00000000e0000000)
  object space 141312K, 44% used [0x00000000a0000000,0x00000000a3d7fce8,0x00000000a8a00000)
 Metaspace       used 76841K, capacity 79160K, committed 79448K, reserved 1118208K
  class space    used 9932K, capacity 10469K, committed 10584K, reserved 1048576K
Event: 110.780 GC heap after
Heap after GC invocations=26 (full 3):
 PSYoungGen      total 417792K, used 12006K [0x00000000e0000000, 0x00000000ffa00000, 0x0000000100000000)
  eden space 389120K, 0% used [0x00000000e0000000,0x00000000e0000000,0x00000000f7c00000)
  from space 28672K, 41% used [0x00000000f7c00000,0x00000000f87b9808,0x00000000f9800000)
  to   space 27136K, 0% used [0x00000000fdf80000,0x00000000fdf80000,0x00000000ffa00000)
 ParOldGen       total 141312K, used 63687K [0x00000000a0000000, 0x00000000a8a00000, 0x00000000e0000000)
  object space 141312K, 45% used [0x00000000a0000000,0x00000000a3e31d68,0x00000000a8a00000)
 Metaspace       used 76841K, capacity 79160K, committed 79448K, reserved 1118208K
  class space    used 9932K, capacity 10469K, committed 10584K, reserved 1048576K
}

