# JRE version: OpenJDK Runtime Environment (8.0_212-b04) (build 1.8.0_212-release-1586-b04)
# Java VM: OpenJDK 64-Bit Server VM (25.212-b04 mixed mode windows-amd64 compressed oops)
Heap:
 PSYoungGen      total 396800K, used 247257K [0x00000000e0000000, 0x00000000ff680000, 0x0000000100000000)
  eden space 284160K, 85% used [0x00000000e0000000,0x00000000eee423a0,0x00000000f1580000)
  from space 112640K, 2% used [0x00000000f8880000,0x00000000f8bb4070,0x00000000ff680000)
  to   space 115200K, 0% used [0x00000000f1580000,0x00000000f1580000,0x00000000f8600000)
 ParOldGen       total 392192K, used 340959K [0x00000000a0000000, 0x00000000b7f00000, 0x00000000e0000000)
  object space 392192K, 86% used [0x00000000a0000000,0x00000000b4cf7df8,0x00000000b7f00000)
 Metaspace       used 119068K, capacity 125138K, committed 125440K, reserved 1159168K
  class space    used 14894K, capacity 16016K, committed 16128K, reserved 1048576K
GC Heap History (10 events):
Event: 4529.783 GC heap before
{Heap before GC invocations=78 (full 7):
 PSYoungGen      total 436224K, used 436194K [0x00000000e0000000, 0x0000000100000000, 0x0000000100000000)
  eden space 355840K, 100% used [0x00000000e0000000,0x00000000f5b80000,0x00000000f5b80000)
  from space 80384K, 99% used [0x00000000f5b80000,0x00000000fa9f8948,0x00000000faa00000)
  to   space 88064K, 0% used [0x00000000faa00000,0x00000000faa00000,0x0000000100000000)
 ParOldGen       total 392192K, used 273041K [0x00000000a0000000, 0x00000000b7f00000, 0x00000000e0000000)
  object space 392192K, 69% used [0x00000000a0000000,0x00000000b0aa44c8,0x00000000b7f00000)
 Metaspace       used 118724K, capacity 124530K, committed 124544K, reserved 1157120K
  class space    used 14883K, capacity 16000K, committed 16000K, reserved 1048576K
Event: 4529.865 GC heap after
Heap after GC invocations=78 (full 7):
 PSYoungGen      total 354304K, used 88052K [0x00000000e0000000, 0x0000000100000000, 0x0000000100000000)
  eden space 266240K, 0% used [0x00000000e0000000,0x00000000e0000000,0x00000000f0400000)
  from space 88064K, 99% used [0x00000000faa00000,0x00000000ffffd028,0x0000000100000000)
  to   space 129024K, 0% used [0x00000000f0400000,0x00000000f0400000,0x00000000f8200000)
 ParOldGen       total 392192K, used 293517K [0x00000000a0000000, 0x00000000b7f00000, 0x00000000e0000000)
  object space 392192K, 74% used [0x00000000a0000000,0x00000000b1ea3670,0x00000000b7f00000)
 Metaspace       used 118724K, capacity 124530K, committed 124544K, reserved 1157120K
  class space    used 14883K, capacity 16000K, committed 16000K, reserved 1048576K
}
Event: 4530.839 GC heap before
{Heap before GC invocations=79 (full 7):
 PSYoungGen      total 354304K, used 354292K [0x00000000e0000000, 0x0000000100000000, 0x0000000100000000)
  eden space 266240K, 100% used [0x00000000e0000000,0x00000000f0400000,0x00000000f0400000)
  from space 88064K, 99% used [0x00000000faa00000,0x00000000ffffd028,0x0000000100000000)
  to   space 129024K, 0% used [0x00000000f0400000,0x00000000f0400000,0x00000000f8200000)
 ParOldGen       total 392192K, used 293517K [0x00000000a0000000, 0x00000000b7f00000, 0x00000000e0000000)
  object space 392192K, 74% used [0x00000000a0000000,0x00000000b1ea3670,0x00000000b7f00000)
 Metaspace       used 118739K, capacity 124542K, committed 124672K, reserved 1157120K
  class space    used 14884K, capacity 16002K, committed 16128K, reserved 1048576K
Event: 4530.884 GC heap after
Heap after GC invocations=79 (full 7):
 PSYoungGen      total 395264K, used 25242K [0x00000000e0000000, 0x0000000100000000, 0x0000000100000000)
  eden space 266240K, 0% used [0x00000000e0000000,0x00000000e0000000,0x00000000f0400000)
  from space 129024K, 19% used [0x00000000f0400000,0x00000000f1ca6b40,0x00000000f8200000)
  to   space 124416K, 0% used [0x00000000f8680000,0x00000000f8680000,0x0000000100000000)
 ParOldGen       total 392192K, used 317578K [0x00000000a0000000, 0x00000000b7f00000, 0x00000000e0000000)
  object space 392192K, 80% used [0x00000000a0000000,0x00000000b3622b78,0x00000000b7f00000)
 Metaspace       used 118739K, capacity 124542K, committed 124672K, reserved 1157120K
  class space    used 14884K, capacity 16002K, committed 16128K, reserved 1048576K
}
Event: 4531.072 GC heap before
{Heap before GC invocations=80 (full 7):
 PSYoungGen      total 395264K, used 291482K [0x00000000e0000000, 0x0000000100000000, 0x0000000100000000)
  eden space 266240K, 100% used [0x00000000e0000000,0x00000000f0400000,0x00000000f0400000)
  from space 129024K, 19% used [0x00000000f0400000,0x00000000f1ca6b40,0x00000000f8200000)
  to   space 124416K, 0% used [0x00000000f8680000,0x00000000f8680000,0x0000000100000000)
 ParOldGen       total 392192K, used 317578K [0x00000000a0000000, 0x00000000b7f00000, 0x00000000e0000000)
  object space 392192K, 80% used [0x00000000a0000000,0x00000000b3622b78,0x00000000b7f00000)
 Metaspace       used 118745K, capacity 124606K, committed 124928K, reserved 1159168K
  class space    used 14884K, capacity 16002K, committed 16128K, reserved 1048576K
Event: 4531.087 GC heap after
Heap after GC invocations=80 (full 7):
 PSYoungGen      total 387584K, used 5667K [0x00000000e0000000, 0x00000000ff880000, 0x0000000100000000)
  eden space 270848K, 0% used [0x00000000e0000000,0x00000000e0000000,0x00000000f0880000)
  from space 116736K, 4% used [0x00000000f8680000,0x00000000f8c08fa0,0x00000000ff880000)
  to   space 122880K, 0% used [0x00000000f0880000,0x00000000f0880000,0x00000000f8080000)
 ParOldGen       total 392192K, used 328214K [0x00000000a0000000, 0x00000000b7f00000, 0x00000000e0000000)
  object space 392192K, 83% used [0x00000000a0000000,0x00000000b4085940,0x00000000b7f00000)
 Metaspace       used 118745K, capacity 124606K, committed 124928K, reserved 1159168K
  class space    used 14884K, capacity 16002K, committed 16128K, reserved 1048576K
}
Event: 4587.276 GC heap before
{Heap before GC invocations=81 (full 7):
 PSYoungGen      total 387584K, used 276515K [0x00000000e0000000, 0x00000000ff880000, 0x0000000100000000)
  eden space 270848K, 100% used [0x00000000e0000000,0x00000000f0880000,0x00000000f0880000)
  from space 116736K, 4% used [0x00000000f8680000,0x00000000f8c08fa0,0x00000000ff880000)
  to   space 122880K, 0% used [0x00000000f0880000,0x00000000f0880000,0x00000000f8080000)
 ParOldGen       total 392192K, used 328214K [0x00000000a0000000, 0x00000000b7f00000, 0x00000000e0000000)
  object space 392192K, 83% used [0x00000000a0000000,0x00000000b4085940,0x00000000b7f00000)
 Metaspace       used 118863K, capacity 124838K, committed 125184K, reserved 1159168K
  class space    used 14888K, capacity 16008K, committed 16128K, reserved 1048576K
Event: 4587.292 GC heap after
Heap after GC invocations=81 (full 7):
 PSYoungGen      total 393728K, used 26324K [0x00000000e0000000, 0x00000000ffb00000, 0x0000000100000000)
  eden space 270848K, 0% used [0x00000000e0000000,0x00000000e0000000,0x00000000f0880000)
  from space 122880K, 21% used [0x00000000f0880000,0x00000000f2235150,0x00000000f8080000)
  to   space 117248K, 0% used [0x00000000f8880000,0x00000000f8880000,0x00000000ffb00000)
 ParOldGen       total 392192K, used 329206K [0x00000000a0000000, 0x00000000b7f00000, 0x00000000e0000000)
  object space 392192K, 83% used [0x00000000a0000000,0x00000000b417d960,0x00000000b7f00000)
 Metaspace       used 118863K, capacity 124838K, committed 125184K, reserved 1159168K
  class space    used 14888K, capacity 16008K, committed 16128K, reserved 1048576K
}
Event: 4590.167 GC heap before
{Heap before GC invocations=82 (full 7):
 PSYoungGen      total 393728K, used 297172K [0x00000000e0000000, 0x00000000ffb00000, 0x0000000100000000)
  eden space 270848K, 100% used [0x00000000e0000000,0x00000000f0880000,0x00000000f0880000)
  from space 122880K, 21% used [0x00000000f0880000,0x00000000f2235150,0x00000000f8080000)
  to   space 117248K, 0% used [0x00000000f8880000,0x00000000f8880000,0x00000000ffb00000)
 ParOldGen       total 392192K, used 329206K [0x00000000a0000000, 0x00000000b7f00000, 0x00000000e0000000)
  object space 392192K, 83% used [0x00000000a0000000,0x00000000b417d960,0x00000000b7f00000)
 Metaspace       used 118926K, capacity 124914K, committed 125184K, reserved 1159168K
  class space    used 14890K, capacity 16010K, committed 16128K, reserved 1048576K
Event: 4590.181 GC heap after
Heap after GC invocations=82 (full 7):
 PSYoungGen      total 396800K, used 3280K [0x00000000e0000000, 0x00000000ff680000, 0x0000000100000000)
  eden space 284160K, 0% used [0x00000000e0000000,0x00000000e0000000,0x00000000f1580000)
  from space 112640K, 2% used [0x00000000f8880000,0x00000000f8bb4070,0x00000000ff680000)
  to   space 115200K, 0% used [0x00000000f1580000,0x00000000f1580000,0x00000000f8600000)
 ParOldGen       total 392192K, used 340959K [0x00000000a0000000, 0x00000000b7f00000, 0x00000000e0000000)
  object space 392192K, 86% used [0x00000000a0000000,0x00000000b4cf7df8,0x00000000b7f00000)
 Metaspace       used 118926K, capacity 124914K, committed 125184K, reserved 1159168K
  class space    used 14890K, capacity 16010K, committed 16128K, reserved 1048576K
}

