# JRE version: OpenJDK Runtime Environment (8.0_212-b04) (build 1.8.0_212-release-1586-b04)
# Java VM: OpenJDK 64-Bit Server VM (25.212-b04 mixed mode windows-amd64 compressed oops)
Heap:
 PSYoungGen      total 165376K, used 28067K [0x00000000e0000000, 0x00000000ebb00000, 0x0000000100000000)
  eden space 152576K, 18% used [0x00000000e0000000,0x00000000e1b68d40,0x00000000e9500000)
  from space 12800K, 0% used [0x00000000eae80000,0x00000000eae80000,0x00000000ebb00000)
  to   space 14848K, 0% used [0x00000000e9e00000,0x00000000e9e00000,0x00000000eac80000)
 ParOldGen       total 81408K, used 30729K [0x00000000a0000000, 0x00000000a4f80000, 0x00000000e0000000)
  object space 81408K, 37% used [0x00000000a0000000,0x00000000a1e02488,0x00000000a4f80000)
 Metaspace       used 58471K, capacity 60456K, committed 60800K, reserved 1101824K
  class space    used 7992K, capacity 8457K, committed 8576K, reserved 1048576K
GC Heap History (10 events):
Event: 8.921 GC heap before
{Heap before GC invocations=11 (full 2):
 PSYoungGen      total 126464K, used 10310K [0x00000000e0000000, 0x00000000ebb00000, 0x0000000100000000)
  eden space 114688K, 0% used [0x00000000e0000000,0x00000000e0000000,0x00000000e7000000)
  from space 11776K, 87% used [0x00000000e7000000,0x00000000e7a11808,0x00000000e7b80000)
  to   space 12800K, 0% used [0x00000000eae80000,0x00000000eae80000,0x00000000ebb00000)
 ParOldGen       total 55808K, used 9773K [0x00000000a0000000, 0x00000000a3680000, 0x00000000e0000000)
  object space 55808K, 17% used [0x00000000a0000000,0x00000000a098b748,0x00000000a3680000)
 Metaspace       used 34572K, capacity 35336K, committed 35456K, reserved 1079296K
  class space    used 4725K, capacity 4925K, committed 4992K, reserved 1048576K
Event: 8.977 GC heap after
Heap after GC invocations=11 (full 2):
 PSYoungGen      total 126464K, used 0K [0x00000000e0000000, 0x00000000ebb00000, 0x0000000100000000)
  eden space 114688K, 0% used [0x00000000e0000000,0x00000000e0000000,0x00000000e7000000)
  from space 11776K, 0% used [0x00000000e7000000,0x00000000e7000000,0x00000000e7b80000)
  to   space 12800K, 0% used [0x00000000eae80000,0x00000000eae80000,0x00000000ebb00000)
 ParOldGen       total 81408K, used 17496K [0x00000000a0000000, 0x00000000a4f80000, 0x00000000e0000000)
  object space 81408K, 21% used [0x00000000a0000000,0x00000000a1116310,0x00000000a4f80000)
 Metaspace       used 34564K, capacity 35312K, committed 35456K, reserved 1079296K
  class space    used 4722K, capacity 4921K, committed 4992K, reserved 1048576K
}
Event: 11.053 GC heap before
{Heap before GC invocations=12 (full 2):
 PSYoungGen      total 126464K, used 114233K [0x00000000e0000000, 0x00000000ebb00000, 0x0000000100000000)
  eden space 114688K, 99% used [0x00000000e0000000,0x00000000e6f8e428,0x00000000e7000000)
  from space 11776K, 0% used [0x00000000e7000000,0x00000000e7000000,0x00000000e7b80000)
  to   space 12800K, 0% used [0x00000000eae80000,0x00000000eae80000,0x00000000ebb00000)
 ParOldGen       total 81408K, used 17496K [0x00000000a0000000, 0x00000000a4f80000, 0x00000000e0000000)
  object space 81408K, 21% used [0x00000000a0000000,0x00000000a1116310,0x00000000a4f80000)
 Metaspace       used 44764K, capacity 46000K, committed 46336K, reserved 1089536K
  class space    used 6019K, capacity 6320K, committed 6400K, reserved 1048576K
Event: 11.070 GC heap after
Heap after GC invocations=12 (full 2):
 PSYoungGen      total 165376K, used 12779K [0x00000000e0000000, 0x00000000ebb00000, 0x0000000100000000)
  eden space 152576K, 0% used [0x00000000e0000000,0x00000000e0000000,0x00000000e9500000)
  from space 12800K, 99% used [0x00000000eae80000,0x00000000ebafaef8,0x00000000ebb00000)
  to   space 14848K, 0% used [0x00000000e9e00000,0x00000000e9e00000,0x00000000eac80000)
 ParOldGen       total 81408K, used 19264K [0x00000000a0000000, 0x00000000a4f80000, 0x00000000e0000000)
  object space 81408K, 23% used [0x00000000a0000000,0x00000000a12d0018,0x00000000a4f80000)
 Metaspace       used 44764K, capacity 46000K, committed 46336K, reserved 1089536K
  class space    used 6019K, capacity 6320K, committed 6400K, reserved 1048576K
}
Event: 13.561 GC heap before
{Heap before GC invocations=13 (full 2):
 PSYoungGen      total 165376K, used 165355K [0x00000000e0000000, 0x00000000ebb00000, 0x0000000100000000)
  eden space 152576K, 100% used [0x00000000e0000000,0x00000000e9500000,0x00000000e9500000)
  from space 12800K, 99% used [0x00000000eae80000,0x00000000ebafaef8,0x00000000ebb00000)
  to   space 14848K, 0% used [0x00000000e9e00000,0x00000000e9e00000,0x00000000eac80000)
 ParOldGen       total 81408K, used 19264K [0x00000000a0000000, 0x00000000a4f80000, 0x00000000e0000000)
  object space 81408K, 23% used [0x00000000a0000000,0x00000000a12d0018,0x00000000a4f80000)
 Metaspace       used 56459K, capacity 58326K, committed 58368K, reserved 1099776K
  class space    used 7715K, capacity 8164K, committed 8192K, reserved 1048576K
Event: 13.594 GC heap after
Heap after GC invocations=13 (full 2):
 PSYoungGen      total 167424K, used 14840K [0x00000000e0000000, 0x00000000ebb00000, 0x0000000100000000)
  eden space 152576K, 0% used [0x00000000e0000000,0x00000000e0000000,0x00000000e9500000)
  from space 14848K, 99% used [0x00000000e9e00000,0x00000000eac7e0a8,0x00000000eac80000)
  to   space 12800K, 0% used [0x00000000eae80000,0x00000000eae80000,0x00000000ebb00000)
 ParOldGen       total 81408K, used 28143K [0x00000000a0000000, 0x00000000a4f80000, 0x00000000e0000000)
  object space 81408K, 34% used [0x00000000a0000000,0x00000000a1b7bf20,0x00000000a4f80000)
 Metaspace       used 56459K, capacity 58326K, committed 58368K, reserved 1099776K
  class space    used 7715K, capacity 8164K, committed 8192K, reserved 1048576K
}
Event: 13.809 GC heap before
{Heap before GC invocations=14 (full 2):
 PSYoungGen      total 167424K, used 29570K [0x00000000e0000000, 0x00000000ebb00000, 0x0000000100000000)
  eden space 152576K, 9% used [0x00000000e0000000,0x00000000e0e62780,0x00000000e9500000)
  from space 14848K, 99% used [0x00000000e9e00000,0x00000000eac7e0a8,0x00000000eac80000)
  to   space 12800K, 0% used [0x00000000eae80000,0x00000000eae80000,0x00000000ebb00000)
 ParOldGen       total 81408K, used 28143K [0x00000000a0000000, 0x00000000a4f80000, 0x00000000e0000000)
  object space 81408K, 34% used [0x00000000a0000000,0x00000000a1b7bf20,0x00000000a4f80000)
 Metaspace       used 57175K, capacity 59024K, committed 59096K, reserved 1099776K
  class space    used 7830K, capacity 8275K, committed 8320K, reserved 1048576K
Event: 13.888 GC heap after
Heap after GC invocations=14 (full 2):
 PSYoungGen      total 165376K, used 1024K [0x00000000e0000000, 0x00000000ebb00000, 0x0000000100000000)
  eden space 152576K, 0% used [0x00000000e0000000,0x00000000e0000000,0x00000000e9500000)
  from space 12800K, 8% used [0x00000000eae80000,0x00000000eaf80000,0x00000000ebb00000)
  to   space 14848K, 0% used [0x00000000e9e00000,0x00000000e9e00000,0x00000000eac80000)
 ParOldGen       total 81408K, used 36338K [0x00000000a0000000, 0x00000000a4f80000, 0x00000000e0000000)
  object space 81408K, 44% used [0x00000000a0000000,0x00000000a237cab0,0x00000000a4f80000)
 Metaspace       used 57175K, capacity 59024K, committed 59096K, reserved 1099776K
  class space    used 7830K, capacity 8275K, committed 8320K, reserved 1048576K
}
Event: 13.888 GC heap before
{Heap before GC invocations=15 (full 3):
 PSYoungGen      total 165376K, used 1024K [0x00000000e0000000, 0x00000000ebb00000, 0x0000000100000000)
  eden space 152576K, 0% used [0x00000000e0000000,0x00000000e0000000,0x00000000e9500000)
  from space 12800K, 8% used [0x00000000eae80000,0x00000000eaf80000,0x00000000ebb00000)
  to   space 14848K, 0% used [0x00000000e9e00000,0x00000000e9e00000,0x00000000eac80000)
 ParOldGen       total 81408K, used 36338K [0x00000000a0000000, 0x00000000a4f80000, 0x00000000e0000000)
  object space 81408K, 44% used [0x00000000a0000000,0x00000000a237cab0,0x00000000a4f80000)
 Metaspace       used 57175K, capacity 59024K, committed 59096K, reserved 1099776K
  class space    used 7830K, capacity 8275K, committed 8320K, reserved 1048576K
Event: 14.132 GC heap after
Heap after GC invocations=15 (full 3):
 PSYoungGen      total 165376K, used 0K [0x00000000e0000000, 0x00000000ebb00000, 0x0000000100000000)
  eden space 152576K, 0% used [0x00000000e0000000,0x00000000e0000000,0x00000000e9500000)
  from space 12800K, 0% used [0x00000000eae80000,0x00000000eae80000,0x00000000ebb00000)
  to   space 14848K, 0% used [0x00000000e9e00000,0x00000000e9e00000,0x00000000eac80000)
 ParOldGen       total 81408K, used 30729K [0x00000000a0000000, 0x00000000a4f80000, 0x00000000e0000000)
  object space 81408K, 37% used [0x00000000a0000000,0x00000000a1e02488,0x00000000a4f80000)
 Metaspace       used 57175K, capacity 59024K, committed 59096K, reserved 1099776K
  class space    used 7830K, capacity 8275K, committed 8320K, reserved 1048576K
}

