# JRE version: OpenJDK Runtime Environment (8.0_212-b04) (build 1.8.0_212-release-1586-b04)
# Java VM: OpenJDK 64-Bit Server VM (25.212-b04 mixed mode windows-amd64 compressed oops)
Heap:
 PSYoungGen      total 222208K, used 189841K [0x00000000e0000000, 0x00000000f2780000, 0x0000000100000000)
  eden space 209408K, 90% used [0x00000000e0000000,0x00000000eb9644c8,0x00000000ecc80000)
  from space 12800K, 0% used [0x00000000ecc80000,0x00000000ecc80000,0x00000000ed900000)
  to   space 12800K, 0% used [0x00000000f1b00000,0x00000000f1b00000,0x00000000f2780000)
 ParOldGen       total 84480K, used 15240K [0x00000000a0000000, 0x00000000a5280000, 0x00000000e0000000)
  object space 84480K, 18% used [0x00000000a0000000,0x00000000a0ee2070,0x00000000a5280000)
 Metaspace       used 45797K, capacity 46798K, committed 46896K, reserved 1089536K
  class space    used 5893K, capacity 6172K, committed 6192K, reserved 1048576K
GC Heap History (10 events):
Event: 6.870 GC heap before
{Heap before GC invocations=11 (full 1):
 PSYoungGen      total 122368K, used 119023K [0x00000000e0000000, 0x00000000eb080000, 0x0000000100000000)
  eden space 110080K, 100% used [0x00000000e0000000,0x00000000e6b80000,0x00000000e6b80000)
  from space 12288K, 72% used [0x00000000e6b80000,0x00000000e743bc78,0x00000000e7780000)
  to   space 12288K, 0% used [0x00000000ea480000,0x00000000ea480000,0x00000000eb080000)
 ParOldGen       total 57344K, used 9810K [0x00000000a0000000, 0x00000000a3800000, 0x00000000e0000000)
  object space 57344K, 17% used [0x00000000a0000000,0x00000000a0994988,0x00000000a3800000)
 Metaspace       used 33368K, capacity 34064K, committed 34224K, reserved 1079296K
  class space    used 4484K, capacity 4702K, committed 4784K, reserved 1048576K
Event: 6.880 GC heap after
Heap after GC invocations=11 (full 1):
 PSYoungGen      total 166400K, used 1203K [0x00000000e0000000, 0x00000000eb000000, 0x0000000100000000)
  eden space 154624K, 0% used [0x00000000e0000000,0x00000000e0000000,0x00000000e9700000)
  from space 11776K, 10% used [0x00000000ea480000,0x00000000ea5ace20,0x00000000eb000000)
  to   space 12800K, 0% used [0x00000000e9700000,0x00000000e9700000,0x00000000ea380000)
 ParOldGen       total 57344K, used 14941K [0x00000000a0000000, 0x00000000a3800000, 0x00000000e0000000)
  object space 57344K, 26% used [0x00000000a0000000,0x00000000a0e97638,0x00000000a3800000)
 Metaspace       used 33368K, capacity 34064K, committed 34224K, reserved 1079296K
  class space    used 4484K, capacity 4702K, committed 4784K, reserved 1048576K
}
Event: 7.654 GC heap before
{Heap before GC invocations=12 (full 1):
 PSYoungGen      total 166400K, used 155827K [0x00000000e0000000, 0x00000000eb000000, 0x0000000100000000)
  eden space 154624K, 100% used [0x00000000e0000000,0x00000000e9700000,0x00000000e9700000)
  from space 11776K, 10% used [0x00000000ea480000,0x00000000ea5ace20,0x00000000eb000000)
  to   space 12800K, 0% used [0x00000000e9700000,0x00000000e9700000,0x00000000ea380000)
 ParOldGen       total 57344K, used 14941K [0x00000000a0000000, 0x00000000a3800000, 0x00000000e0000000)
  object space 57344K, 26% used [0x00000000a0000000,0x00000000a0e97638,0x00000000a3800000)
 Metaspace       used 33372K, capacity 34064K, committed 34224K, reserved 1079296K
  class space    used 4484K, capacity 4702K, committed 4784K, reserved 1048576K
Event: 7.659 GC heap after
Heap after GC invocations=12 (full 1):
 PSYoungGen      total 167424K, used 4882K [0x00000000e0000000, 0x00000000ee980000, 0x0000000100000000)
  eden space 154624K, 0% used [0x00000000e0000000,0x00000000e0000000,0x00000000e9700000)
  from space 12800K, 38% used [0x00000000e9700000,0x00000000e9bc4970,0x00000000ea380000)
  to   space 12800K, 0% used [0x00000000edd00000,0x00000000edd00000,0x00000000ee980000)
 ParOldGen       total 57344K, used 15828K [0x00000000a0000000, 0x00000000a3800000, 0x00000000e0000000)
  object space 57344K, 27% used [0x00000000a0000000,0x00000000a0f75280,0x00000000a3800000)
 Metaspace       used 33372K, capacity 34064K, committed 34224K, reserved 1079296K
  class space    used 4484K, capacity 4702K, committed 4784K, reserved 1048576K
}
Event: 8.434 GC heap before
{Heap before GC invocations=13 (full 1):
 PSYoungGen      total 167424K, used 159506K [0x00000000e0000000, 0x00000000ee980000, 0x0000000100000000)
  eden space 154624K, 100% used [0x00000000e0000000,0x00000000e9700000,0x00000000e9700000)
  from space 12800K, 38% used [0x00000000e9700000,0x00000000e9bc4970,0x00000000ea380000)
  to   space 12800K, 0% used [0x00000000edd00000,0x00000000edd00000,0x00000000ee980000)
 ParOldGen       total 57344K, used 15828K [0x00000000a0000000, 0x00000000a3800000, 0x00000000e0000000)
  object space 57344K, 27% used [0x00000000a0000000,0x00000000a0f75280,0x00000000a3800000)
 Metaspace       used 33379K, capacity 34064K, committed 34224K, reserved 1079296K
  class space    used 4484K, capacity 4702K, committed 4784K, reserved 1048576K
Event: 8.437 GC heap after
Heap after GC invocations=13 (full 1):
 PSYoungGen      total 218112K, used 3222K [0x00000000e0000000, 0x00000000ee580000, 0x0000000100000000)
  eden space 209408K, 0% used [0x00000000e0000000,0x00000000e0000000,0x00000000ecc80000)
  from space 8704K, 37% used [0x00000000edd00000,0x00000000ee025ba8,0x00000000ee580000)
  to   space 12800K, 0% used [0x00000000ecc80000,0x00000000ecc80000,0x00000000ed900000)
 ParOldGen       total 57344K, used 15844K [0x00000000a0000000, 0x00000000a3800000, 0x00000000e0000000)
  object space 57344K, 27% used [0x00000000a0000000,0x00000000a0f79280,0x00000000a3800000)
 Metaspace       used 33379K, capacity 34064K, committed 34224K, reserved 1079296K
  class space    used 4484K, capacity 4702K, committed 4784K, reserved 1048576K
}
Event: 9.362 GC heap before
{Heap before GC invocations=14 (full 1):
 PSYoungGen      total 218112K, used 163373K [0x00000000e0000000, 0x00000000ee580000, 0x0000000100000000)
  eden space 209408K, 76% used [0x00000000e0000000,0x00000000e9c659f8,0x00000000ecc80000)
  from space 8704K, 37% used [0x00000000edd00000,0x00000000ee025ba8,0x00000000ee580000)
  to   space 12800K, 0% used [0x00000000ecc80000,0x00000000ecc80000,0x00000000ed900000)
 ParOldGen       total 57344K, used 15844K [0x00000000a0000000, 0x00000000a3800000, 0x00000000e0000000)
  object space 57344K, 27% used [0x00000000a0000000,0x00000000a0f79280,0x00000000a3800000)
 Metaspace       used 34511K, capacity 35354K, committed 35496K, reserved 1079296K
  class space    used 4569K, capacity 4788K, committed 4912K, reserved 1048576K
Event: 9.365 GC heap after
Heap after GC invocations=14 (full 1):
 PSYoungGen      total 222208K, used 2033K [0x00000000e0000000, 0x00000000f2780000, 0x0000000100000000)
  eden space 209408K, 0% used [0x00000000e0000000,0x00000000e0000000,0x00000000ecc80000)
  from space 12800K, 15% used [0x00000000ecc80000,0x00000000ece7c660,0x00000000ed900000)
  to   space 12800K, 0% used [0x00000000f1b00000,0x00000000f1b00000,0x00000000f2780000)
 ParOldGen       total 57344K, used 15860K [0x00000000a0000000, 0x00000000a3800000, 0x00000000e0000000)
  object space 57344K, 27% used [0x00000000a0000000,0x00000000a0f7d280,0x00000000a3800000)
 Metaspace       used 34511K, capacity 35354K, committed 35496K, reserved 1079296K
  class space    used 4569K, capacity 4788K, committed 4912K, reserved 1048576K
}
Event: 9.365 GC heap before
{Heap before GC invocations=15 (full 2):
 PSYoungGen      total 222208K, used 2033K [0x00000000e0000000, 0x00000000f2780000, 0x0000000100000000)
  eden space 209408K, 0% used [0x00000000e0000000,0x00000000e0000000,0x00000000ecc80000)
  from space 12800K, 15% used [0x00000000ecc80000,0x00000000ece7c660,0x00000000ed900000)
  to   space 12800K, 0% used [0x00000000f1b00000,0x00000000f1b00000,0x00000000f2780000)
 ParOldGen       total 57344K, used 15860K [0x00000000a0000000, 0x00000000a3800000, 0x00000000e0000000)
  object space 57344K, 27% used [0x00000000a0000000,0x00000000a0f7d280,0x00000000a3800000)
 Metaspace       used 34511K, capacity 35354K, committed 35496K, reserved 1079296K
  class space    used 4569K, capacity 4788K, committed 4912K, reserved 1048576K
Event: 9.413 GC heap after
Heap after GC invocations=15 (full 2):
 PSYoungGen      total 222208K, used 0K [0x00000000e0000000, 0x00000000f2780000, 0x0000000100000000)
  eden space 209408K, 0% used [0x00000000e0000000,0x00000000e0000000,0x00000000ecc80000)
  from space 12800K, 0% used [0x00000000ecc80000,0x00000000ecc80000,0x00000000ed900000)
  to   space 12800K, 0% used [0x00000000f1b00000,0x00000000f1b00000,0x00000000f2780000)
 ParOldGen       total 84480K, used 15240K [0x00000000a0000000, 0x00000000a5280000, 0x00000000e0000000)
  object space 84480K, 18% used [0x00000000a0000000,0x00000000a0ee2070,0x00000000a5280000)
 Metaspace       used 34445K, capacity 35226K, committed 35496K, reserved 1079296K
  class space    used 4551K, capacity 4768K, committed 4912K, reserved 1048576K
}

