# JRE version: OpenJDK Runtime Environment (8.0_212-b04) (build 1.8.0_212-release-1586-b04)
# Java VM: OpenJDK 64-Bit Server VM (25.212-b04 mixed mode windows-amd64 compressed oops)
Heap:
 PSYoungGen      total 116736K, used 62255K [0x00000000e0000000, 0x00000000ea480000, 0x0000000100000000)
  eden space 104960K, 59% used [0x00000000e0000000,0x00000000e3ccbd68,0x00000000e6680000)
  from space 11776K, 0% used [0x00000000e6680000,0x00000000e6680000,0x00000000e7200000)
  to   space 12800K, 0% used [0x00000000e9800000,0x00000000e9800000,0x00000000ea480000)
 ParOldGen       total 60416K, used 17895K [0x00000000a0000000, 0x00000000a3b00000, 0x00000000e0000000)
  object space 60416K, 29% used [0x00000000a0000000,0x00000000a1179fb8,0x00000000a3b00000)
 Metaspace       used 41171K, capacity 42262K, committed 42496K, reserved 1085440K
  class space    used 5528K, capacity 5837K, committed 5888K, reserved 1048576K
GC Heap History (10 events):
Event: 2.434 GC heap before
{Heap before GC invocations=7 (full 1):
 PSYoungGen      total 76800K, used 8716K [0x00000000e0000000, 0x00000000e5700000, 0x0000000100000000)
  eden space 66048K, 0% used [0x00000000e0000000,0x00000000e0000000,0x00000000e4080000)
  from space 10752K, 81% used [0x00000000e4b80000,0x00000000e5403050,0x00000000e5600000)
  to   space 11264K, 0% used [0x00000000e4080000,0x00000000e4080000,0x00000000e4b80000)
 ParOldGen       total 87552K, used 8111K [0x00000000a0000000, 0x00000000a5580000, 0x00000000e0000000)
  object space 87552K, 9% used [0x00000000a0000000,0x00000000a07ebe28,0x00000000a5580000)
 Metaspace       used 20622K, capacity 21178K, committed 21296K, reserved 1067008K
  class space    used 2975K, capacity 3133K, committed 3200K, reserved 1048576K
Event: 2.466 GC heap after
Heap after GC invocations=7 (full 1):
 PSYoungGen      total 76800K, used 0K [0x00000000e0000000, 0x00000000e5700000, 0x0000000100000000)
  eden space 66048K, 0% used [0x00000000e0000000,0x00000000e0000000,0x00000000e4080000)
  from space 10752K, 0% used [0x00000000e4b80000,0x00000000e4b80000,0x00000000e5600000)
  to   space 11264K, 0% used [0x00000000e4080000,0x00000000e4080000,0x00000000e4b80000)
 ParOldGen       total 60416K, used 9728K [0x00000000a0000000, 0x00000000a3b00000, 0x00000000e0000000)
  object space 60416K, 16% used [0x00000000a0000000,0x00000000a09800a0,0x00000000a3b00000)
 Metaspace       used 20622K, capacity 21178K, committed 21296K, reserved 1067008K
  class space    used 2975K, capacity 3133K, committed 3200K, reserved 1048576K
}
Event: 3.079 GC heap before
{Heap before GC invocations=8 (full 1):
 PSYoungGen      total 76800K, used 66048K [0x00000000e0000000, 0x00000000e5700000, 0x0000000100000000)
  eden space 66048K, 100% used [0x00000000e0000000,0x00000000e4080000,0x00000000e4080000)
  from space 10752K, 0% used [0x00000000e4b80000,0x00000000e4b80000,0x00000000e5600000)
  to   space 11264K, 0% used [0x00000000e4080000,0x00000000e4080000,0x00000000e4b80000)
 ParOldGen       total 60416K, used 9728K [0x00000000a0000000, 0x00000000a3b00000, 0x00000000e0000000)
  object space 60416K, 16% used [0x00000000a0000000,0x00000000a09800a0,0x00000000a3b00000)
 Metaspace       used 29077K, capacity 29640K, committed 29952K, reserved 1075200K
  class space    used 3916K, capacity 4071K, committed 4096K, reserved 1048576K
Event: 3.086 GC heap after
Heap after GC invocations=8 (full 1):
 PSYoungGen      total 77312K, used 8169K [0x00000000e0000000, 0x00000000e7d80000, 0x0000000100000000)
  eden space 66048K, 0% used [0x00000000e0000000,0x00000000e0000000,0x00000000e4080000)
  from space 11264K, 72% used [0x00000000e4080000,0x00000000e487a728,0x00000000e4b80000)
  to   space 11776K, 0% used [0x00000000e7200000,0x00000000e7200000,0x00000000e7d80000)
 ParOldGen       total 60416K, used 9736K [0x00000000a0000000, 0x00000000a3b00000, 0x00000000e0000000)
  object space 60416K, 16% used [0x00000000a0000000,0x00000000a09820a0,0x00000000a3b00000)
 Metaspace       used 29077K, capacity 29640K, committed 29952K, reserved 1075200K
  class space    used 3916K, capacity 4071K, committed 4096K, reserved 1048576K
}
Event: 3.508 GC heap before
{Heap before GC invocations=9 (full 1):
 PSYoungGen      total 77312K, used 74217K [0x00000000e0000000, 0x00000000e7d80000, 0x0000000100000000)
  eden space 66048K, 100% used [0x00000000e0000000,0x00000000e4080000,0x00000000e4080000)
  from space 11264K, 72% used [0x00000000e4080000,0x00000000e487a728,0x00000000e4b80000)
  to   space 11776K, 0% used [0x00000000e7200000,0x00000000e7200000,0x00000000e7d80000)
 ParOldGen       total 60416K, used 9736K [0x00000000a0000000, 0x00000000a3b00000, 0x00000000e0000000)
  object space 60416K, 16% used [0x00000000a0000000,0x00000000a09820a0,0x00000000a3b00000)
 Metaspace       used 31961K, capacity 32604K, committed 32768K, reserved 1077248K
  class space    used 4379K, capacity 4591K, committed 4608K, reserved 1048576K
Event: 3.521 GC heap after
Heap after GC invocations=9 (full 1):
 PSYoungGen      total 116736K, used 8785K [0x00000000e0000000, 0x00000000e7f80000, 0x0000000100000000)
  eden space 104960K, 0% used [0x00000000e0000000,0x00000000e0000000,0x00000000e6680000)
  from space 11776K, 74% used [0x00000000e7200000,0x00000000e7a947c0,0x00000000e7d80000)
  to   space 11776K, 0% used [0x00000000e6680000,0x00000000e6680000,0x00000000e7200000)
 ParOldGen       total 60416K, used 9744K [0x00000000a0000000, 0x00000000a3b00000, 0x00000000e0000000)
  object space 60416K, 16% used [0x00000000a0000000,0x00000000a09840a0,0x00000000a3b00000)
 Metaspace       used 31961K, capacity 32604K, committed 32768K, reserved 1077248K
  class space    used 4379K, capacity 4591K, committed 4608K, reserved 1048576K
}
Event: 4.157 GC heap before
{Heap before GC invocations=10 (full 1):
 PSYoungGen      total 116736K, used 71109K [0x00000000e0000000, 0x00000000e7f80000, 0x0000000100000000)
  eden space 104960K, 59% used [0x00000000e0000000,0x00000000e3cdcc70,0x00000000e6680000)
  from space 11776K, 74% used [0x00000000e7200000,0x00000000e7a947c0,0x00000000e7d80000)
  to   space 11776K, 0% used [0x00000000e6680000,0x00000000e6680000,0x00000000e7200000)
 ParOldGen       total 60416K, used 9744K [0x00000000a0000000, 0x00000000a3b00000, 0x00000000e0000000)
  object space 60416K, 16% used [0x00000000a0000000,0x00000000a09840a0,0x00000000a3b00000)
 Metaspace       used 34627K, capacity 35428K, committed 35496K, reserved 1079296K
  class space    used 4737K, capacity 4961K, committed 4992K, reserved 1048576K
Event: 4.166 GC heap after
Heap after GC invocations=10 (full 1):
 PSYoungGen      total 116736K, used 10759K [0x00000000e0000000, 0x00000000ea480000, 0x0000000100000000)
  eden space 104960K, 0% used [0x00000000e0000000,0x00000000e0000000,0x00000000e6680000)
  from space 11776K, 91% used [0x00000000e6680000,0x00000000e7101f08,0x00000000e7200000)
  to   space 12800K, 0% used [0x00000000e9800000,0x00000000e9800000,0x00000000ea480000)
 ParOldGen       total 60416K, used 9752K [0x00000000a0000000, 0x00000000a3b00000, 0x00000000e0000000)
  object space 60416K, 16% used [0x00000000a0000000,0x00000000a09860a0,0x00000000a3b00000)
 Metaspace       used 34627K, capacity 35428K, committed 35496K, reserved 1079296K
  class space    used 4737K, capacity 4961K, committed 4992K, reserved 1048576K
}
Event: 4.166 GC heap before
{Heap before GC invocations=11 (full 2):
 PSYoungGen      total 116736K, used 10759K [0x00000000e0000000, 0x00000000ea480000, 0x0000000100000000)
  eden space 104960K, 0% used [0x00000000e0000000,0x00000000e0000000,0x00000000e6680000)
  from space 11776K, 91% used [0x00000000e6680000,0x00000000e7101f08,0x00000000e7200000)
  to   space 12800K, 0% used [0x00000000e9800000,0x00000000e9800000,0x00000000ea480000)
 ParOldGen       total 60416K, used 9752K [0x00000000a0000000, 0x00000000a3b00000, 0x00000000e0000000)
  object space 60416K, 16% used [0x00000000a0000000,0x00000000a09860a0,0x00000000a3b00000)
 Metaspace       used 34627K, capacity 35428K, committed 35496K, reserved 1079296K
  class space    used 4737K, capacity 4961K, committed 4992K, reserved 1048576K
Event: 4.208 GC heap after
Heap after GC invocations=11 (full 2):
 PSYoungGen      total 116736K, used 0K [0x00000000e0000000, 0x00000000ea480000, 0x0000000100000000)
  eden space 104960K, 0% used [0x00000000e0000000,0x00000000e0000000,0x00000000e6680000)
  from space 11776K, 0% used [0x00000000e6680000,0x00000000e6680000,0x00000000e7200000)
  to   space 12800K, 0% used [0x00000000e9800000,0x00000000e9800000,0x00000000ea480000)
 ParOldGen       total 60416K, used 17895K [0x00000000a0000000, 0x00000000a3b00000, 0x00000000e0000000)
  object space 60416K, 29% used [0x00000000a0000000,0x00000000a1179fb8,0x00000000a3b00000)
 Metaspace       used 34627K, capacity 35428K, committed 35496K, reserved 1079296K
  class space    used 4737K, capacity 4961K, committed 4992K, reserved 1048576K
}

