# JRE version: OpenJDK Runtime Environment (8.0_212-b04) (build 1.8.0_212-release-1586-b04)
# Java VM: OpenJDK 64-Bit Server VM (25.212-b04 mixed mode windows-amd64 compressed oops)
Heap:
 PSYoungGen      total 152064K, used 9234K [0x00000000e0000000, 0x00000000ebd00000, 0x0000000100000000)
  eden space 134144K, 0% used [0x00000000e0000000,0x00000000e0000000,0x00000000e8300000)
  from space 17920K, 51% used [0x00000000eab80000,0x00000000eb484948,0x00000000ebd00000)
  to   space 13824K, 0% used [0x00000000e8300000,0x00000000e8300000,0x00000000e9080000)
 ParOldGen       total 98304K, used 31172K [0x00000000a0000000, 0x00000000a6000000, 0x00000000e0000000)
  object space 98304K, 31% used [0x00000000a0000000,0x00000000a1e71138,0x00000000a6000000)
 Metaspace       used 54191K, capacity 55908K, committed 55976K, reserved 1101824K
  class space    used 7126K, capacity 7564K, committed 7592K, reserved 1048576K
GC Heap History (10 events):
Event: 4.461 GC heap after
Heap after GC invocations=10 (full 1):
 PSYoungGen      total 112640K, used 11157K [0x00000000e0000000, 0x00000000e9e80000, 0x0000000100000000)
  eden space 100864K, 0% used [0x00000000e0000000,0x00000000e0000000,0x00000000e6280000)
  from space 11776K, 94% used [0x00000000e6280000,0x00000000e6d65770,0x00000000e6e00000)
  to   space 12800K, 0% used [0x00000000e9200000,0x00000000e9200000,0x00000000e9e80000)
 ParOldGen       total 62976K, used 10122K [0x00000000a0000000, 0x00000000a3d80000, 0x00000000e0000000)
  object space 62976K, 16% used [0x00000000a0000000,0x00000000a09e28b8,0x00000000a3d80000)
 Metaspace       used 34561K, capacity 35408K, committed 35496K, reserved 1079296K
  class space    used 4755K, capacity 4995K, committed 5032K, reserved 1048576K
}
Event: 4.461 GC heap before
{Heap before GC invocations=11 (full 2):
 PSYoungGen      total 112640K, used 11157K [0x00000000e0000000, 0x00000000e9e80000, 0x0000000100000000)
  eden space 100864K, 0% used [0x00000000e0000000,0x00000000e0000000,0x00000000e6280000)
  from space 11776K, 94% used [0x00000000e6280000,0x00000000e6d65770,0x00000000e6e00000)
  to   space 12800K, 0% used [0x00000000e9200000,0x00000000e9200000,0x00000000e9e80000)
 ParOldGen       total 62976K, used 10122K [0x00000000a0000000, 0x00000000a3d80000, 0x00000000e0000000)
  object space 62976K, 16% used [0x00000000a0000000,0x00000000a09e28b8,0x00000000a3d80000)
 Metaspace       used 34561K, capacity 35408K, committed 35496K, reserved 1079296K
  class space    used 4755K, capacity 4995K, committed 5032K, reserved 1048576K
Event: 4.511 GC heap after
Heap after GC invocations=11 (full 2):
 PSYoungGen      total 112640K, used 0K [0x00000000e0000000, 0x00000000e9e80000, 0x0000000100000000)
  eden space 100864K, 0% used [0x00000000e0000000,0x00000000e0000000,0x00000000e6280000)
  from space 11776K, 0% used [0x00000000e6280000,0x00000000e6280000,0x00000000e6e00000)
  to   space 12800K, 0% used [0x00000000e9200000,0x00000000e9200000,0x00000000e9e80000)
 ParOldGen       total 98304K, used 18736K [0x00000000a0000000, 0x00000000a6000000, 0x00000000e0000000)
  object space 98304K, 19% used [0x00000000a0000000,0x00000000a124c110,0x00000000a6000000)
 Metaspace       used 34561K, capacity 35408K, committed 35496K, reserved 1079296K
  class space    used 4755K, capacity 4995K, committed 5032K, reserved 1048576K
}
Event: 5.769 GC heap before
{Heap before GC invocations=12 (full 2):
 PSYoungGen      total 112640K, used 100864K [0x00000000e0000000, 0x00000000e9e80000, 0x0000000100000000)
  eden space 100864K, 100% used [0x00000000e0000000,0x00000000e6280000,0x00000000e6280000)
  from space 11776K, 0% used [0x00000000e6280000,0x00000000e6280000,0x00000000e6e00000)
  to   space 12800K, 0% used [0x00000000e9200000,0x00000000e9200000,0x00000000e9e80000)
 ParOldGen       total 98304K, used 18736K [0x00000000a0000000, 0x00000000a6000000, 0x00000000e0000000)
  object space 98304K, 19% used [0x00000000a0000000,0x00000000a124c110,0x00000000a6000000)
 Metaspace       used 43414K, capacity 44850K, committed 45096K, reserved 1087488K
  class space    used 5796K, capacity 6148K, committed 6184K, reserved 1048576K
Event: 5.780 GC heap after
Heap after GC invocations=12 (full 2):
 PSYoungGen      total 138240K, used 11925K [0x00000000e0000000, 0x00000000e9e00000, 0x0000000100000000)
  eden space 125952K, 0% used [0x00000000e0000000,0x00000000e0000000,0x00000000e7b00000)
  from space 12288K, 97% used [0x00000000e9200000,0x00000000e9da55b8,0x00000000e9e00000)
  to   space 13824K, 0% used [0x00000000e8300000,0x00000000e8300000,0x00000000e9080000)
 ParOldGen       total 98304K, used 18744K [0x00000000a0000000, 0x00000000a6000000, 0x00000000e0000000)
  object space 98304K, 19% used [0x00000000a0000000,0x00000000a124e110,0x00000000a6000000)
 Metaspace       used 43414K, capacity 44850K, committed 45096K, reserved 1087488K
  class space    used 5796K, capacity 6148K, committed 6184K, reserved 1048576K
}
Event: 6.824 GC heap before
{Heap before GC invocations=13 (full 2):
 PSYoungGen      total 138240K, used 137877K [0x00000000e0000000, 0x00000000e9e00000, 0x0000000100000000)
  eden space 125952K, 100% used [0x00000000e0000000,0x00000000e7b00000,0x00000000e7b00000)
  from space 12288K, 97% used [0x00000000e9200000,0x00000000e9da55b8,0x00000000e9e00000)
  to   space 13824K, 0% used [0x00000000e8300000,0x00000000e8300000,0x00000000e9080000)
 ParOldGen       total 98304K, used 18744K [0x00000000a0000000, 0x00000000a6000000, 0x00000000e0000000)
  object space 98304K, 19% used [0x00000000a0000000,0x00000000a124e110,0x00000000a6000000)
 Metaspace       used 53170K, capacity 54804K, committed 55080K, reserved 1097728K
  class space    used 6968K, capacity 7388K, committed 7464K, reserved 1048576K
Event: 6.842 GC heap after
Heap after GC invocations=13 (full 2):
 PSYoungGen      total 147968K, used 13808K [0x00000000e0000000, 0x00000000ebd00000, 0x0000000100000000)
  eden space 134144K, 0% used [0x00000000e0000000,0x00000000e0000000,0x00000000e8300000)
  from space 13824K, 99% used [0x00000000e8300000,0x00000000e907c3d0,0x00000000e9080000)
  to   space 17920K, 0% used [0x00000000eab80000,0x00000000eab80000,0x00000000ebd00000)
 ParOldGen       total 98304K, used 25432K [0x00000000a0000000, 0x00000000a6000000, 0x00000000e0000000)
  object space 98304K, 25% used [0x00000000a0000000,0x00000000a18d6108,0x00000000a6000000)
 Metaspace       used 53170K, capacity 54804K, committed 55080K, reserved 1097728K
  class space    used 6968K, capacity 7388K, committed 7464K, reserved 1048576K
}
Event: 6.980 GC heap before
{Heap before GC invocations=14 (full 2):
 PSYoungGen      total 147968K, used 24139K [0x00000000e0000000, 0x00000000ebd00000, 0x0000000100000000)
  eden space 134144K, 7% used [0x00000000e0000000,0x00000000e0a16a18,0x00000000e8300000)
  from space 13824K, 99% used [0x00000000e8300000,0x00000000e907c3d0,0x00000000e9080000)
  to   space 17920K, 0% used [0x00000000eab80000,0x00000000eab80000,0x00000000ebd00000)
 ParOldGen       total 98304K, used 25432K [0x00000000a0000000, 0x00000000a6000000, 0x00000000e0000000)
  object space 98304K, 25% used [0x00000000a0000000,0x00000000a18d6108,0x00000000a6000000)
 Metaspace       used 54191K, capacity 55908K, committed 55976K, reserved 1101824K
  class space    used 7126K, capacity 7564K, committed 7592K, reserved 1048576K
Event: 6.994 GC heap after
Heap after GC invocations=14 (full 2):
 PSYoungGen      total 152064K, used 9234K [0x00000000e0000000, 0x00000000ebd00000, 0x0000000100000000)
  eden space 134144K, 0% used [0x00000000e0000000,0x00000000e0000000,0x00000000e8300000)
  from space 17920K, 51% used [0x00000000eab80000,0x00000000eb484948,0x00000000ebd00000)
  to   space 13824K, 0% used [0x00000000e8300000,0x00000000e8300000,0x00000000e9080000)
 ParOldGen       total 98304K, used 31172K [0x00000000a0000000, 0x00000000a6000000, 0x00000000e0000000)
  object space 98304K, 31% used [0x00000000a0000000,0x00000000a1e71138,0x00000000a6000000)
 Metaspace       used 54191K, capacity 55908K, committed 55976K, reserved 1101824K
  class space    used 7126K, capacity 7564K, committed 7592K, reserved 1048576K
}
Event: 6.994 GC heap before
{Heap before GC invocations=15 (full 3):
 PSYoungGen      total 152064K, used 9234K [0x00000000e0000000, 0x00000000ebd00000, 0x0000000100000000)
  eden space 134144K, 0% used [0x00000000e0000000,0x00000000e0000000,0x00000000e8300000)
  from space 17920K, 51% used [0x00000000eab80000,0x00000000eb484948,0x00000000ebd00000)
  to   space 13824K, 0% used [0x00000000e8300000,0x00000000e8300000,0x00000000e9080000)
 ParOldGen       total 98304K, used 31172K [0x00000000a0000000, 0x00000000a6000000, 0x00000000e0000000)
  object space 98304K, 31% used [0x00000000a0000000,0x00000000a1e71138,0x00000000a6000000)
 Metaspace       used 54191K, capacity 55908K, committed 55976K, reserved 1101824K
  class space    used 7126K, capacity 7564K, committed 7592K, reserved 1048576K

