# JRE version: OpenJDK Runtime Environment (8.0_212-b04) (build 1.8.0_212-release-1586-b04)
# Java VM: OpenJDK 64-Bit Server VM (25.212-b04 mixed mode windows-amd64 compressed oops)
Heap:
 PSYoungGen      total 192512K, used 117933K [0x00000000e0000000, 0x00000000ede80000, 0x0000000100000000)
  eden space 173568K, 57% used [0x00000000e0000000,0x00000000e60aebf8,0x00000000ea980000)
  from space 18944K, 99% used [0x00000000ebc80000,0x00000000ecefc940,0x00000000ecf00000)
  to   space 19456K, 0% used [0x00000000ea980000,0x00000000ea980000,0x00000000ebc80000)
 ParOldGen       total 136704K, used 45987K [0x00000000a0000000, 0x00000000a8580000, 0x00000000e0000000)
  object space 136704K, 33% used [0x00000000a0000000,0x00000000a2ce8e48,0x00000000a8580000)
 Metaspace       used 67039K, capacity 69484K, committed 69760K, reserved 1110016K
  class space    used 8990K, capacity 9513K, committed 9600K, reserved 1048576K
GC Heap History (10 events):
Event: 6.646 GC heap before
{Heap before GC invocations=13 (full 2):
 PSYoungGen      total 148992K, used 148976K [0x00000000e0000000, 0x00000000ea680000, 0x0000000100000000)
  eden space 136192K, 100% used [0x00000000e0000000,0x00000000e8500000,0x00000000e8500000)
  from space 12800K, 99% used [0x00000000e9a00000,0x00000000ea67c148,0x00000000ea680000)
  to   space 14336K, 0% used [0x00000000e8a80000,0x00000000e8a80000,0x00000000e9880000)
 ParOldGen       total 92160K, used 17648K [0x00000000a0000000, 0x00000000a5a00000, 0x00000000e0000000)
  object space 92160K, 19% used [0x00000000a0000000,0x00000000a113c158,0x00000000a5a00000)
 Metaspace       used 54842K, capacity 56694K, committed 56960K, reserved 1097728K
  class space    used 7466K, capacity 7940K, committed 8064K, reserved 1048576K
Event: 6.666 GC heap after
Heap after GC invocations=13 (full 2):
 PSYoungGen      total 156160K, used 14308K [0x00000000e0000000, 0x00000000ecf00000, 0x0000000100000000)
  eden space 141824K, 0% used [0x00000000e0000000,0x00000000e0000000,0x00000000e8a80000)
  from space 14336K, 99% used [0x00000000e8a80000,0x00000000e9879368,0x00000000e9880000)
  to   space 18944K, 0% used [0x00000000ebc80000,0x00000000ebc80000,0x00000000ecf00000)
 ParOldGen       total 92160K, used 26342K [0x00000000a0000000, 0x00000000a5a00000, 0x00000000e0000000)
  object space 92160K, 28% used [0x00000000a0000000,0x00000000a19b9b30,0x00000000a5a00000)
 Metaspace       used 54842K, capacity 56694K, committed 56960K, reserved 1097728K
  class space    used 7466K, capacity 7940K, committed 8064K, reserved 1048576K
}
Event: 6.909 GC heap before
{Heap before GC invocations=14 (full 2):
 PSYoungGen      total 156160K, used 51495K [0x00000000e0000000, 0x00000000ecf00000, 0x0000000100000000)
  eden space 141824K, 26% used [0x00000000e0000000,0x00000000e2450ac0,0x00000000e8a80000)
  from space 14336K, 99% used [0x00000000e8a80000,0x00000000e9879368,0x00000000e9880000)
  to   space 18944K, 0% used [0x00000000ebc80000,0x00000000ebc80000,0x00000000ecf00000)
 ParOldGen       total 92160K, used 26342K [0x00000000a0000000, 0x00000000a5a00000, 0x00000000e0000000)
  object space 92160K, 28% used [0x00000000a0000000,0x00000000a19b9b30,0x00000000a5a00000)
 Metaspace       used 57122K, capacity 59056K, committed 59096K, reserved 1099776K
  class space    used 7832K, capacity 8307K, committed 8320K, reserved 1048576K
Event: 6.920 GC heap after
Heap after GC invocations=14 (full 2):
 PSYoungGen      total 192512K, used 3107K [0x00000000e0000000, 0x00000000ede80000, 0x0000000100000000)
  eden space 173568K, 0% used [0x00000000e0000000,0x00000000e0000000,0x00000000ea980000)
  from space 18944K, 16% used [0x00000000ebc80000,0x00000000ebf88e90,0x00000000ecf00000)
  to   space 19456K, 0% used [0x00000000ea980000,0x00000000ea980000,0x00000000ebc80000)
 ParOldGen       total 92160K, used 34080K [0x00000000a0000000, 0x00000000a5a00000, 0x00000000e0000000)
  object space 92160K, 36% used [0x00000000a0000000,0x00000000a2148100,0x00000000a5a00000)
 Metaspace       used 57122K, capacity 59056K, committed 59096K, reserved 1099776K
  class space    used 7832K, capacity 8307K, committed 8320K, reserved 1048576K
}
Event: 6.920 GC heap before
{Heap before GC invocations=15 (full 3):
 PSYoungGen      total 192512K, used 3107K [0x00000000e0000000, 0x00000000ede80000, 0x0000000100000000)
  eden space 173568K, 0% used [0x00000000e0000000,0x00000000e0000000,0x00000000ea980000)
  from space 18944K, 16% used [0x00000000ebc80000,0x00000000ebf88e90,0x00000000ecf00000)
  to   space 19456K, 0% used [0x00000000ea980000,0x00000000ea980000,0x00000000ebc80000)
 ParOldGen       total 92160K, used 34080K [0x00000000a0000000, 0x00000000a5a00000, 0x00000000e0000000)
  object space 92160K, 36% used [0x00000000a0000000,0x00000000a2148100,0x00000000a5a00000)
 Metaspace       used 57122K, capacity 59056K, committed 59096K, reserved 1099776K
  class space    used 7832K, capacity 8307K, committed 8320K, reserved 1048576K
Event: 7.108 GC heap after
Heap after GC invocations=15 (full 3):
 PSYoungGen      total 192512K, used 0K [0x00000000e0000000, 0x00000000ede80000, 0x0000000100000000)
  eden space 173568K, 0% used [0x00000000e0000000,0x00000000e0000000,0x00000000ea980000)
  from space 18944K, 0% used [0x00000000ebc80000,0x00000000ebc80000,0x00000000ecf00000)
  to   space 19456K, 0% used [0x00000000ea980000,0x00000000ea980000,0x00000000ebc80000)
 ParOldGen       total 136704K, used 32034K [0x00000000a0000000, 0x00000000a8580000, 0x00000000e0000000)
  object space 136704K, 23% used [0x00000000a0000000,0x00000000a1f48bc0,0x00000000a8580000)
 Metaspace       used 57122K, capacity 59056K, committed 59096K, reserved 1099776K
  class space    used 7832K, capacity 8307K, committed 8320K, reserved 1048576K
}
Event: 8.705 GC heap before
{Heap before GC invocations=16 (full 3):
 PSYoungGen      total 192512K, used 173568K [0x00000000e0000000, 0x00000000ede80000, 0x0000000100000000)
  eden space 173568K, 100% used [0x00000000e0000000,0x00000000ea980000,0x00000000ea980000)
  from space 18944K, 0% used [0x00000000ebc80000,0x00000000ebc80000,0x00000000ecf00000)
  to   space 19456K, 0% used [0x00000000ea980000,0x00000000ea980000,0x00000000ebc80000)
 ParOldGen       total 136704K, used 32034K [0x00000000a0000000, 0x00000000a8580000, 0x00000000e0000000)
  object space 136704K, 23% used [0x00000000a0000000,0x00000000a1f48bc0,0x00000000a8580000)
 Metaspace       used 61599K, capacity 63876K, committed 64000K, reserved 1103872K
  class space    used 8386K, capacity 8879K, committed 8960K, reserved 1048576K
Event: 8.720 GC heap after
Heap after GC invocations=16 (full 3):
 PSYoungGen      total 193024K, used 16496K [0x00000000e0000000, 0x00000000ede80000, 0x0000000100000000)
  eden space 173568K, 0% used [0x00000000e0000000,0x00000000e0000000,0x00000000ea980000)
  from space 19456K, 84% used [0x00000000ea980000,0x00000000eb99c318,0x00000000ebc80000)
  to   space 18944K, 0% used [0x00000000ebc80000,0x00000000ebc80000,0x00000000ecf00000)
 ParOldGen       total 136704K, used 32042K [0x00000000a0000000, 0x00000000a8580000, 0x00000000e0000000)
  object space 136704K, 23% used [0x00000000a0000000,0x00000000a1f4abc0,0x00000000a8580000)
 Metaspace       used 61599K, capacity 63876K, committed 64000K, reserved 1103872K
  class space    used 8386K, capacity 8879K, committed 8960K, reserved 1048576K
}
Event: 11.103 GC heap before
{Heap before GC invocations=17 (full 3):
 PSYoungGen      total 193024K, used 190064K [0x00000000e0000000, 0x00000000ede80000, 0x0000000100000000)
  eden space 173568K, 100% used [0x00000000e0000000,0x00000000ea980000,0x00000000ea980000)
  from space 19456K, 84% used [0x00000000ea980000,0x00000000eb99c318,0x00000000ebc80000)
  to   space 18944K, 0% used [0x00000000ebc80000,0x00000000ebc80000,0x00000000ecf00000)
 ParOldGen       total 136704K, used 32042K [0x00000000a0000000, 0x00000000a8580000, 0x00000000e0000000)
  object space 136704K, 23% used [0x00000000a0000000,0x00000000a1f4abc0,0x00000000a8580000)
 Metaspace       used 65260K, capacity 67540K, committed 67712K, reserved 1107968K
  class space    used 8793K, capacity 9321K, committed 9344K, reserved 1048576K
Event: 11.125 GC heap after
Heap after GC invocations=17 (full 3):
 PSYoungGen      total 192512K, used 18930K [0x00000000e0000000, 0x00000000ede80000, 0x0000000100000000)
  eden space 173568K, 0% used [0x00000000e0000000,0x00000000e0000000,0x00000000ea980000)
  from space 18944K, 99% used [0x00000000ebc80000,0x00000000ecefc940,0x00000000ecf00000)
  to   space 19456K, 0% used [0x00000000ea980000,0x00000000ea980000,0x00000000ebc80000)
 ParOldGen       total 136704K, used 45987K [0x00000000a0000000, 0x00000000a8580000, 0x00000000e0000000)
  object space 136704K, 33% used [0x00000000a0000000,0x00000000a2ce8e48,0x00000000a8580000)
 Metaspace       used 65260K, capacity 67540K, committed 67712K, reserved 1107968K
  class space    used 8793K, capacity 9321K, committed 9344K, reserved 1048576K
}

