# JRE version: OpenJDK Runtime Environment (8.0_212-b04) (build 1.8.0_212-release-1586-b04)
# Java VM: OpenJDK 64-Bit Server VM (25.212-b04 mixed mode windows-amd64 compressed oops)
Heap:
 PSYoungGen      total 149504K, used 38965K [0x00000000e0000000, 0x00000000ea700000, 0x0000000100000000)
  eden space 135168K, 18% used [0x00000000e0000000,0x00000000e189d8b8,0x00000000e8400000)
  from space 14336K, 95% used [0x00000000e8b00000,0x00000000e986fc78,0x00000000e9900000)
  to   space 12800K, 0% used [0x00000000e9a80000,0x00000000e9a80000,0x00000000ea700000)
 ParOldGen       total 91136K, used 32169K [0x00000000a0000000, 0x00000000a5900000, 0x00000000e0000000)
  object space 91136K, 35% used [0x00000000a0000000,0x00000000a1f6a5b8,0x00000000a5900000)
 Metaspace       used 61453K, capacity 63736K, committed 64000K, reserved 1103872K
  class space    used 8357K, capacity 8865K, committed 8960K, reserved 1048576K
GC Heap History (10 events):
Event: 4.922 GC heap before
{Heap before GC invocations=12 (full 2):
 PSYoungGen      total 117760K, used 105984K [0x00000000e0000000, 0x00000000ea700000, 0x0000000100000000)
  eden space 105984K, 100% used [0x00000000e0000000,0x00000000e6780000,0x00000000e6780000)
  from space 11776K, 0% used [0x00000000e6780000,0x00000000e6780000,0x00000000e7300000)
  to   space 12800K, 0% used [0x00000000e9a80000,0x00000000e9a80000,0x00000000ea700000)
 ParOldGen       total 91136K, used 17844K [0x00000000a0000000, 0x00000000a5900000, 0x00000000e0000000)
  object space 91136K, 19% used [0x00000000a0000000,0x00000000a116d160,0x00000000a5900000)
 Metaspace       used 44225K, capacity 45352K, committed 45440K, reserved 1089536K
  class space    used 5959K, capacity 6256K, committed 6272K, reserved 1048576K
Event: 4.933 GC heap after
Heap after GC invocations=12 (full 2):
 PSYoungGen      total 147968K, used 12774K [0x00000000e0000000, 0x00000000ea700000, 0x0000000100000000)
  eden space 135168K, 0% used [0x00000000e0000000,0x00000000e0000000,0x00000000e8400000)
  from space 12800K, 99% used [0x00000000e9a80000,0x00000000ea6f9b58,0x00000000ea700000)
  to   space 14336K, 0% used [0x00000000e8b00000,0x00000000e8b00000,0x00000000e9900000)
 ParOldGen       total 91136K, used 18139K [0x00000000a0000000, 0x00000000a5900000, 0x00000000e0000000)
  object space 91136K, 19% used [0x00000000a0000000,0x00000000a11b6eb8,0x00000000a5900000)
 Metaspace       used 44225K, capacity 45352K, committed 45440K, reserved 1089536K
  class space    used 5959K, capacity 6256K, committed 6272K, reserved 1048576K
}
Event: 6.259 GC heap before
{Heap before GC invocations=13 (full 2):
 PSYoungGen      total 147968K, used 147942K [0x00000000e0000000, 0x00000000ea700000, 0x0000000100000000)
  eden space 135168K, 100% used [0x00000000e0000000,0x00000000e8400000,0x00000000e8400000)
  from space 12800K, 99% used [0x00000000e9a80000,0x00000000ea6f9b58,0x00000000ea700000)
  to   space 14336K, 0% used [0x00000000e8b00000,0x00000000e8b00000,0x00000000e9900000)
 ParOldGen       total 91136K, used 18139K [0x00000000a0000000, 0x00000000a5900000, 0x00000000e0000000)
  object space 91136K, 19% used [0x00000000a0000000,0x00000000a11b6eb8,0x00000000a5900000)
 Metaspace       used 54842K, capacity 56690K, committed 56960K, reserved 1097728K
  class space    used 7465K, capacity 7940K, committed 8064K, reserved 1048576K
Event: 6.286 GC heap after
Heap after GC invocations=13 (full 2):
 PSYoungGen      total 149504K, used 14304K [0x00000000e0000000, 0x00000000ea700000, 0x0000000100000000)
  eden space 135168K, 0% used [0x00000000e0000000,0x00000000e0000000,0x00000000e8400000)
  from space 14336K, 99% used [0x00000000e8b00000,0x00000000e98f8258,0x00000000e9900000)
  to   space 12800K, 0% used [0x00000000e9a80000,0x00000000e9a80000,0x00000000ea700000)
 ParOldGen       total 91136K, used 25821K [0x00000000a0000000, 0x00000000a5900000, 0x00000000e0000000)
  object space 91136K, 28% used [0x00000000a0000000,0x00000000a19377b8,0x00000000a5900000)
 Metaspace       used 54842K, capacity 56690K, committed 56960K, reserved 1097728K
  class space    used 7465K, capacity 7940K, committed 8064K, reserved 1048576K
}
Event: 6.582 GC heap before
{Heap before GC invocations=14 (full 2):
 PSYoungGen      total 149504K, used 51103K [0x00000000e0000000, 0x00000000ea700000, 0x0000000100000000)
  eden space 135168K, 27% used [0x00000000e0000000,0x00000000e23efab8,0x00000000e8400000)
  from space 14336K, 99% used [0x00000000e8b00000,0x00000000e98f8258,0x00000000e9900000)
  to   space 12800K, 0% used [0x00000000e9a80000,0x00000000e9a80000,0x00000000ea700000)
 ParOldGen       total 91136K, used 25821K [0x00000000a0000000, 0x00000000a5900000, 0x00000000e0000000)
  object space 91136K, 28% used [0x00000000a0000000,0x00000000a19377b8,0x00000000a5900000)
 Metaspace       used 57313K, capacity 59092K, committed 59160K, reserved 1099776K
  class space    used 7852K, capacity 8277K, committed 8320K, reserved 1048576K
Event: 6.590 GC heap after
Heap after GC invocations=14 (full 2):
 PSYoungGen      total 147968K, used 3241K [0x00000000e0000000, 0x00000000ea700000, 0x0000000100000000)
  eden space 135168K, 0% used [0x00000000e0000000,0x00000000e0000000,0x00000000e8400000)
  from space 12800K, 25% used [0x00000000e9a80000,0x00000000e9daa708,0x00000000ea700000)
  to   space 14336K, 0% used [0x00000000e8b00000,0x00000000e8b00000,0x00000000e9900000)
 ParOldGen       total 91136K, used 33544K [0x00000000a0000000, 0x00000000a5900000, 0x00000000e0000000)
  object space 91136K, 36% used [0x00000000a0000000,0x00000000a20c2048,0x00000000a5900000)
 Metaspace       used 57313K, capacity 59092K, committed 59160K, reserved 1099776K
  class space    used 7852K, capacity 8277K, committed 8320K, reserved 1048576K
}
Event: 6.590 GC heap before
{Heap before GC invocations=15 (full 3):
 PSYoungGen      total 147968K, used 3241K [0x00000000e0000000, 0x00000000ea700000, 0x0000000100000000)
  eden space 135168K, 0% used [0x00000000e0000000,0x00000000e0000000,0x00000000e8400000)
  from space 12800K, 25% used [0x00000000e9a80000,0x00000000e9daa708,0x00000000ea700000)
  to   space 14336K, 0% used [0x00000000e8b00000,0x00000000e8b00000,0x00000000e9900000)
 ParOldGen       total 91136K, used 33544K [0x00000000a0000000, 0x00000000a5900000, 0x00000000e0000000)
  object space 91136K, 36% used [0x00000000a0000000,0x00000000a20c2048,0x00000000a5900000)
 Metaspace       used 57313K, capacity 59092K, committed 59160K, reserved 1099776K
  class space    used 7852K, capacity 8277K, committed 8320K, reserved 1048576K
Event: 6.773 GC heap after
Heap after GC invocations=15 (full 3):
 PSYoungGen      total 147968K, used 0K [0x00000000e0000000, 0x00000000ea700000, 0x0000000100000000)
  eden space 135168K, 0% used [0x00000000e0000000,0x00000000e0000000,0x00000000e8400000)
  from space 12800K, 0% used [0x00000000e9a80000,0x00000000e9a80000,0x00000000ea700000)
  to   space 14336K, 0% used [0x00000000e8b00000,0x00000000e8b00000,0x00000000e9900000)
 ParOldGen       total 91136K, used 32161K [0x00000000a0000000, 0x00000000a5900000, 0x00000000e0000000)
  object space 91136K, 35% used [0x00000000a0000000,0x00000000a1f685b8,0x00000000a5900000)
 Metaspace       used 57313K, capacity 59092K, committed 59160K, reserved 1099776K
  class space    used 7852K, capacity 8277K, committed 8320K, reserved 1048576K
}
Event: 8.293 GC heap before
{Heap before GC invocations=16 (full 3):
 PSYoungGen      total 147968K, used 135168K [0x00000000e0000000, 0x00000000ea700000, 0x0000000100000000)
  eden space 135168K, 100% used [0x00000000e0000000,0x00000000e8400000,0x00000000e8400000)
  from space 12800K, 0% used [0x00000000e9a80000,0x00000000e9a80000,0x00000000ea700000)
  to   space 14336K, 0% used [0x00000000e8b00000,0x00000000e8b00000,0x00000000e9900000)
 ParOldGen       total 91136K, used 32161K [0x00000000a0000000, 0x00000000a5900000, 0x00000000e0000000)
  object space 91136K, 35% used [0x00000000a0000000,0x00000000a1f685b8,0x00000000a5900000)
 Metaspace       used 60928K, capacity 63136K, committed 63360K, reserved 1103872K
  class space    used 8280K, capacity 8799K, committed 8832K, reserved 1048576K
Event: 8.304 GC heap after
Heap after GC invocations=16 (full 3):
 PSYoungGen      total 149504K, used 13759K [0x00000000e0000000, 0x00000000ea700000, 0x0000000100000000)
  eden space 135168K, 0% used [0x00000000e0000000,0x00000000e0000000,0x00000000e8400000)
  from space 14336K, 95% used [0x00000000e8b00000,0x00000000e986fc78,0x00000000e9900000)
  to   space 12800K, 0% used [0x00000000e9a80000,0x00000000e9a80000,0x00000000ea700000)
 ParOldGen       total 91136K, used 32169K [0x00000000a0000000, 0x00000000a5900000, 0x00000000e0000000)
  object space 91136K, 35% used [0x00000000a0000000,0x00000000a1f6a5b8,0x00000000a5900000)
 Metaspace       used 60928K, capacity 63136K, committed 63360K, reserved 1103872K
  class space    used 8280K, capacity 8799K, committed 8832K, reserved 1048576K
}

