# JRE version: OpenJDK Runtime Environment (8.0_212-b04) (build 1.8.0_212-release-1586-b04)
# Java VM: OpenJDK 64-Bit Server VM (25.212-b04 mixed mode windows-amd64 compressed oops)
Heap:
 PSYoungGen      total 119296K, used 29770K [0x00000000e0000000, 0x00000000eaa80000, 0x0000000100000000)
  eden space 107520K, 27% used [0x00000000e0000000,0x00000000e1d12b08,0x00000000e6900000)
  from space 11776K, 0% used [0x00000000e6900000,0x00000000e6900000,0x00000000e7480000)
  to   space 12800K, 0% used [0x00000000e9e00000,0x00000000e9e00000,0x00000000eaa80000)
 ParOldGen       total 89600K, used 17627K [0x00000000a0000000, 0x00000000a5780000, 0x00000000e0000000)
  object space 89600K, 19% used [0x00000000a0000000,0x00000000a1136ed8,0x00000000a5780000)
 Metaspace       used 35764K, capacity 36794K, committed 36992K, reserved 1081344K
  class space    used 4922K, capacity 5190K, committed 5248K, reserved 1048576K
GC Heap History (10 events):
Event: 2.362 GC heap before
{Heap before GC invocations=7 (full 1):
 PSYoungGen      total 76800K, used 8737K [0x00000000e0000000, 0x00000000e5700000, 0x0000000100000000)
  eden space 66048K, 0% used [0x00000000e0000000,0x00000000e0000000,0x00000000e4080000)
  from space 10752K, 81% used [0x00000000e4b80000,0x00000000e54084f8,0x00000000e5600000)
  to   space 11264K, 0% used [0x00000000e4080000,0x00000000e4080000,0x00000000e4b80000)
 ParOldGen       total 87552K, used 8128K [0x00000000a0000000, 0x00000000a5580000, 0x00000000e0000000)
  object space 87552K, 9% used [0x00000000a0000000,0x00000000a07f0368,0x00000000a5580000)
 Metaspace       used 20622K, capacity 21182K, committed 21296K, reserved 1067008K
  class space    used 2975K, capacity 3133K, committed 3200K, reserved 1048576K
Event: 2.391 GC heap after
Heap after GC invocations=7 (full 1):
 PSYoungGen      total 76800K, used 0K [0x00000000e0000000, 0x00000000e5700000, 0x0000000100000000)
  eden space 66048K, 0% used [0x00000000e0000000,0x00000000e0000000,0x00000000e4080000)
  from space 10752K, 0% used [0x00000000e4b80000,0x00000000e4b80000,0x00000000e5600000)
  to   space 11264K, 0% used [0x00000000e4080000,0x00000000e4080000,0x00000000e4b80000)
 ParOldGen       total 59904K, used 9739K [0x00000000a0000000, 0x00000000a3a80000, 0x00000000e0000000)
  object space 59904K, 16% used [0x00000000a0000000,0x00000000a0982c10,0x00000000a3a80000)
 Metaspace       used 20622K, capacity 21182K, committed 21296K, reserved 1067008K
  class space    used 2975K, capacity 3133K, committed 3200K, reserved 1048576K
}
Event: 3.003 GC heap before
{Heap before GC invocations=8 (full 1):
 PSYoungGen      total 76800K, used 66048K [0x00000000e0000000, 0x00000000e5700000, 0x0000000100000000)
  eden space 66048K, 100% used [0x00000000e0000000,0x00000000e4080000,0x00000000e4080000)
  from space 10752K, 0% used [0x00000000e4b80000,0x00000000e4b80000,0x00000000e5600000)
  to   space 11264K, 0% used [0x00000000e4080000,0x00000000e4080000,0x00000000e4b80000)
 ParOldGen       total 59904K, used 9739K [0x00000000a0000000, 0x00000000a3a80000, 0x00000000e0000000)
  object space 59904K, 16% used [0x00000000a0000000,0x00000000a0982c10,0x00000000a3a80000)
 Metaspace       used 29078K, capacity 29644K, committed 29952K, reserved 1075200K
  class space    used 3915K, capacity 4071K, committed 4096K, reserved 1048576K
Event: 3.014 GC heap after
Heap after GC invocations=8 (full 1):
 PSYoungGen      total 77312K, used 8128K [0x00000000e0000000, 0x00000000e8000000, 0x0000000100000000)
  eden space 66048K, 0% used [0x00000000e0000000,0x00000000e0000000,0x00000000e4080000)
  from space 11264K, 72% used [0x00000000e4080000,0x00000000e4870068,0x00000000e4b80000)
  to   space 11776K, 0% used [0x00000000e7480000,0x00000000e7480000,0x00000000e8000000)
 ParOldGen       total 59904K, used 9747K [0x00000000a0000000, 0x00000000a3a80000, 0x00000000e0000000)
  object space 59904K, 16% used [0x00000000a0000000,0x00000000a0984c10,0x00000000a3a80000)
 Metaspace       used 29078K, capacity 29644K, committed 29952K, reserved 1075200K
  class space    used 3915K, capacity 4071K, committed 4096K, reserved 1048576K
}
Event: 3.369 GC heap before
{Heap before GC invocations=9 (full 1):
 PSYoungGen      total 77312K, used 74176K [0x00000000e0000000, 0x00000000e8000000, 0x0000000100000000)
  eden space 66048K, 100% used [0x00000000e0000000,0x00000000e4080000,0x00000000e4080000)
  from space 11264K, 72% used [0x00000000e4080000,0x00000000e4870068,0x00000000e4b80000)
  to   space 11776K, 0% used [0x00000000e7480000,0x00000000e7480000,0x00000000e8000000)
 ParOldGen       total 59904K, used 9747K [0x00000000a0000000, 0x00000000a3a80000, 0x00000000e0000000)
  object space 59904K, 16% used [0x00000000a0000000,0x00000000a0984c10,0x00000000a3a80000)
 Metaspace       used 31940K, capacity 32576K, committed 32768K, reserved 1077248K
  class space    used 4376K, capacity 4559K, committed 4608K, reserved 1048576K
Event: 3.380 GC heap after
Heap after GC invocations=9 (full 1):
 PSYoungGen      total 119296K, used 8716K [0x00000000e0000000, 0x00000000e8180000, 0x0000000100000000)
  eden space 107520K, 0% used [0x00000000e0000000,0x00000000e0000000,0x00000000e6900000)
  from space 11776K, 74% used [0x00000000e7480000,0x00000000e7d03368,0x00000000e8000000)
  to   space 11776K, 0% used [0x00000000e6900000,0x00000000e6900000,0x00000000e7480000)
 ParOldGen       total 59904K, used 9755K [0x00000000a0000000, 0x00000000a3a80000, 0x00000000e0000000)
  object space 59904K, 16% used [0x00000000a0000000,0x00000000a0986c10,0x00000000a3a80000)
 Metaspace       used 31940K, capacity 32576K, committed 32768K, reserved 1077248K
  class space    used 4376K, capacity 4559K, committed 4608K, reserved 1048576K
}
Event: 3.822 GC heap before
{Heap before GC invocations=10 (full 1):
 PSYoungGen      total 119296K, used 68652K [0x00000000e0000000, 0x00000000e8180000, 0x0000000100000000)
  eden space 107520K, 55% used [0x00000000e0000000,0x00000000e3a88040,0x00000000e6900000)
  from space 11776K, 74% used [0x00000000e7480000,0x00000000e7d03368,0x00000000e8000000)
  to   space 11776K, 0% used [0x00000000e6900000,0x00000000e6900000,0x00000000e7480000)
 ParOldGen       total 59904K, used 9755K [0x00000000a0000000, 0x00000000a3a80000, 0x00000000e0000000)
  object space 59904K, 16% used [0x00000000a0000000,0x00000000a0986c10,0x00000000a3a80000)
 Metaspace       used 34536K, capacity 35336K, committed 35456K, reserved 1079296K
  class space    used 4725K, capacity 4925K, committed 4992K, reserved 1048576K
Event: 3.830 GC heap after
Heap after GC invocations=10 (full 1):
 PSYoungGen      total 119296K, used 10464K [0x00000000e0000000, 0x00000000eaa80000, 0x0000000100000000)
  eden space 107520K, 0% used [0x00000000e0000000,0x00000000e0000000,0x00000000e6900000)
  from space 11776K, 88% used [0x00000000e6900000,0x00000000e73383a8,0x00000000e7480000)
  to   space 12800K, 0% used [0x00000000e9e00000,0x00000000e9e00000,0x00000000eaa80000)
 ParOldGen       total 59904K, used 9763K [0x00000000a0000000, 0x00000000a3a80000, 0x00000000e0000000)
  object space 59904K, 16% used [0x00000000a0000000,0x00000000a0988c10,0x00000000a3a80000)
 Metaspace       used 34536K, capacity 35336K, committed 35456K, reserved 1079296K
  class space    used 4725K, capacity 4925K, committed 4992K, reserved 1048576K
}
Event: 3.830 GC heap before
{Heap before GC invocations=11 (full 2):
 PSYoungGen      total 119296K, used 10464K [0x00000000e0000000, 0x00000000eaa80000, 0x0000000100000000)
  eden space 107520K, 0% used [0x00000000e0000000,0x00000000e0000000,0x00000000e6900000)
  from space 11776K, 88% used [0x00000000e6900000,0x00000000e73383a8,0x00000000e7480000)
  to   space 12800K, 0% used [0x00000000e9e00000,0x00000000e9e00000,0x00000000eaa80000)
 ParOldGen       total 59904K, used 9763K [0x00000000a0000000, 0x00000000a3a80000, 0x00000000e0000000)
  object space 59904K, 16% used [0x00000000a0000000,0x00000000a0988c10,0x00000000a3a80000)
 Metaspace       used 34536K, capacity 35336K, committed 35456K, reserved 1079296K
  class space    used 4725K, capacity 4925K, committed 4992K, reserved 1048576K
Event: 3.872 GC heap after
Heap after GC invocations=11 (full 2):
 PSYoungGen      total 119296K, used 0K [0x00000000e0000000, 0x00000000eaa80000, 0x0000000100000000)
  eden space 107520K, 0% used [0x00000000e0000000,0x00000000e0000000,0x00000000e6900000)
  from space 11776K, 0% used [0x00000000e6900000,0x00000000e6900000,0x00000000e7480000)
  to   space 12800K, 0% used [0x00000000e9e00000,0x00000000e9e00000,0x00000000eaa80000)
 ParOldGen       total 89600K, used 17627K [0x00000000a0000000, 0x00000000a5780000, 0x00000000e0000000)
  object space 89600K, 19% used [0x00000000a0000000,0x00000000a1136ed8,0x00000000a5780000)
 Metaspace       used 34528K, capacity 35312K, committed 35456K, reserved 1079296K
  class space    used 4723K, capacity 4921K, committed 4992K, reserved 1048576K
}

