# JRE version: OpenJDK Runtime Environment (8.0_212-b04) (build 1.8.0_212-release-1586-b04)
# Java VM: OpenJDK 64-Bit Server VM (25.212-b04 mixed mode windows-amd64 compressed oops)
Heap:
 PSYoungGen      total 120320K, used 26527K [0x00000000e0000000, 0x00000000e8180000, 0x0000000100000000)
  eden space 108544K, 24% used [0x00000000e0000000,0x00000000e19e7c98,0x00000000e6a00000)
  from space 11776K, 0% used [0x00000000e6a00000,0x00000000e6a00000,0x00000000e7580000)
  to   space 11776K, 0% used [0x00000000e7580000,0x00000000e7580000,0x00000000e8100000)
 ParOldGen       total 88576K, used 17558K [0x00000000a0000000, 0x00000000a5680000, 0x00000000e0000000)
  object space 88576K, 19% used [0x00000000a0000000,0x00000000a1125a18,0x00000000a5680000)
 Metaspace       used 35371K, capacity 36388K, committed 36736K, reserved 1081344K
  class space    used 4864K, capacity 5121K, committed 5248K, reserved 1048576K
GC Heap History (10 events):
Event: 2.446 GC heap before
{Heap before GC invocations=7 (full 1):
 PSYoungGen      total 76800K, used 8790K [0x00000000e0000000, 0x00000000e5700000, 0x0000000100000000)
  eden space 66048K, 0% used [0x00000000e0000000,0x00000000e0000000,0x00000000e4080000)
  from space 10752K, 81% used [0x00000000e4b80000,0x00000000e5415910,0x00000000e5600000)
  to   space 11264K, 0% used [0x00000000e4080000,0x00000000e4080000,0x00000000e4b80000)
 ParOldGen       total 87552K, used 8161K [0x00000000a0000000, 0x00000000a5580000, 0x00000000e0000000)
  object space 87552K, 9% used [0x00000000a0000000,0x00000000a07f8688,0x00000000a5580000)
 Metaspace       used 20624K, capacity 21178K, committed 21296K, reserved 1067008K
  class space    used 2975K, capacity 3133K, committed 3200K, reserved 1048576K
Event: 2.476 GC heap after
Heap after GC invocations=7 (full 1):
 PSYoungGen      total 76800K, used 0K [0x00000000e0000000, 0x00000000e5700000, 0x0000000100000000)
  eden space 66048K, 0% used [0x00000000e0000000,0x00000000e0000000,0x00000000e4080000)
  from space 10752K, 0% used [0x00000000e4b80000,0x00000000e4b80000,0x00000000e5600000)
  to   space 11264K, 0% used [0x00000000e4080000,0x00000000e4080000,0x00000000e4b80000)
 ParOldGen       total 58880K, used 9748K [0x00000000a0000000, 0x00000000a3980000, 0x00000000e0000000)
  object space 58880K, 16% used [0x00000000a0000000,0x00000000a09851a0,0x00000000a3980000)
 Metaspace       used 20624K, capacity 21178K, committed 21296K, reserved 1067008K
  class space    used 2975K, capacity 3133K, committed 3200K, reserved 1048576K
}
Event: 3.065 GC heap before
{Heap before GC invocations=8 (full 1):
 PSYoungGen      total 76800K, used 66048K [0x00000000e0000000, 0x00000000e5700000, 0x0000000100000000)
  eden space 66048K, 100% used [0x00000000e0000000,0x00000000e4080000,0x00000000e4080000)
  from space 10752K, 0% used [0x00000000e4b80000,0x00000000e4b80000,0x00000000e5600000)
  to   space 11264K, 0% used [0x00000000e4080000,0x00000000e4080000,0x00000000e4b80000)
 ParOldGen       total 58880K, used 9748K [0x00000000a0000000, 0x00000000a3980000, 0x00000000e0000000)
  object space 58880K, 16% used [0x00000000a0000000,0x00000000a09851a0,0x00000000a3980000)
 Metaspace       used 29074K, capacity 29640K, committed 29952K, reserved 1075200K
  class space    used 3916K, capacity 4071K, committed 4096K, reserved 1048576K
Event: 3.072 GC heap after
Heap after GC invocations=8 (full 1):
 PSYoungGen      total 77312K, used 8128K [0x00000000e0000000, 0x00000000e8100000, 0x0000000100000000)
  eden space 66048K, 0% used [0x00000000e0000000,0x00000000e0000000,0x00000000e4080000)
  from space 11264K, 72% used [0x00000000e4080000,0x00000000e4870068,0x00000000e4b80000)
  to   space 11776K, 0% used [0x00000000e7580000,0x00000000e7580000,0x00000000e8100000)
 ParOldGen       total 58880K, used 9756K [0x00000000a0000000, 0x00000000a3980000, 0x00000000e0000000)
  object space 58880K, 16% used [0x00000000a0000000,0x00000000a09871a0,0x00000000a3980000)
 Metaspace       used 29074K, capacity 29640K, committed 29952K, reserved 1075200K
  class space    used 3916K, capacity 4071K, committed 4096K, reserved 1048576K
}
Event: 3.460 GC heap before
{Heap before GC invocations=9 (full 1):
 PSYoungGen      total 77312K, used 74176K [0x00000000e0000000, 0x00000000e8100000, 0x0000000100000000)
  eden space 66048K, 100% used [0x00000000e0000000,0x00000000e4080000,0x00000000e4080000)
  from space 11264K, 72% used [0x00000000e4080000,0x00000000e4870068,0x00000000e4b80000)
  to   space 11776K, 0% used [0x00000000e7580000,0x00000000e7580000,0x00000000e8100000)
 ParOldGen       total 58880K, used 9756K [0x00000000a0000000, 0x00000000a3980000, 0x00000000e0000000)
  object space 58880K, 16% used [0x00000000a0000000,0x00000000a09871a0,0x00000000a3980000)
 Metaspace       used 31994K, capacity 32668K, committed 32768K, reserved 1077248K
  class space    used 4385K, capacity 4591K, committed 4608K, reserved 1048576K
Event: 3.470 GC heap after
Heap after GC invocations=9 (full 1):
 PSYoungGen      total 120320K, used 8847K [0x00000000e0000000, 0x00000000e8180000, 0x0000000100000000)
  eden space 108544K, 0% used [0x00000000e0000000,0x00000000e0000000,0x00000000e6a00000)
  from space 11776K, 75% used [0x00000000e7580000,0x00000000e7e23d70,0x00000000e8100000)
  to   space 11776K, 0% used [0x00000000e6a00000,0x00000000e6a00000,0x00000000e7580000)
 ParOldGen       total 58880K, used 9764K [0x00000000a0000000, 0x00000000a3980000, 0x00000000e0000000)
  object space 58880K, 16% used [0x00000000a0000000,0x00000000a09891a0,0x00000000a3980000)
 Metaspace       used 31994K, capacity 32668K, committed 32768K, reserved 1077248K
  class space    used 4385K, capacity 4591K, committed 4608K, reserved 1048576K
}
Event: 3.979 GC heap before
{Heap before GC invocations=10 (full 1):
 PSYoungGen      total 120320K, used 67728K [0x00000000e0000000, 0x00000000e8180000, 0x0000000100000000)
  eden space 108544K, 54% used [0x00000000e0000000,0x00000000e3980330,0x00000000e6a00000)
  from space 11776K, 75% used [0x00000000e7580000,0x00000000e7e23d70,0x00000000e8100000)
  to   space 11776K, 0% used [0x00000000e6a00000,0x00000000e6a00000,0x00000000e7580000)
 ParOldGen       total 58880K, used 9764K [0x00000000a0000000, 0x00000000a3980000, 0x00000000e0000000)
  object space 58880K, 16% used [0x00000000a0000000,0x00000000a09891a0,0x00000000a3980000)
 Metaspace       used 34528K, capacity 35332K, committed 35456K, reserved 1079296K
  class space    used 4727K, capacity 4925K, committed 4992K, reserved 1048576K
Event: 3.987 GC heap after
Heap after GC invocations=10 (full 1):
 PSYoungGen      total 120320K, used 10374K [0x00000000e0000000, 0x00000000e8180000, 0x0000000100000000)
  eden space 108544K, 0% used [0x00000000e0000000,0x00000000e0000000,0x00000000e6a00000)
  from space 11776K, 88% used [0x00000000e6a00000,0x00000000e7421b80,0x00000000e7580000)
  to   space 11776K, 0% used [0x00000000e7580000,0x00000000e7580000,0x00000000e8100000)
 ParOldGen       total 58880K, used 9772K [0x00000000a0000000, 0x00000000a3980000, 0x00000000e0000000)
  object space 58880K, 16% used [0x00000000a0000000,0x00000000a098b1a0,0x00000000a3980000)
 Metaspace       used 34528K, capacity 35332K, committed 35456K, reserved 1079296K
  class space    used 4727K, capacity 4925K, committed 4992K, reserved 1048576K
}
Event: 3.987 GC heap before
{Heap before GC invocations=11 (full 2):
 PSYoungGen      total 120320K, used 10374K [0x00000000e0000000, 0x00000000e8180000, 0x0000000100000000)
  eden space 108544K, 0% used [0x00000000e0000000,0x00000000e0000000,0x00000000e6a00000)
  from space 11776K, 88% used [0x00000000e6a00000,0x00000000e7421b80,0x00000000e7580000)
  to   space 11776K, 0% used [0x00000000e7580000,0x00000000e7580000,0x00000000e8100000)
 ParOldGen       total 58880K, used 9772K [0x00000000a0000000, 0x00000000a3980000, 0x00000000e0000000)
  object space 58880K, 16% used [0x00000000a0000000,0x00000000a098b1a0,0x00000000a3980000)
 Metaspace       used 34528K, capacity 35332K, committed 35456K, reserved 1079296K
  class space    used 4727K, capacity 4925K, committed 4992K, reserved 1048576K
Event: 4.027 GC heap after
Heap after GC invocations=11 (full 2):
 PSYoungGen      total 120320K, used 0K [0x00000000e0000000, 0x00000000e8180000, 0x0000000100000000)
  eden space 108544K, 0% used [0x00000000e0000000,0x00000000e0000000,0x00000000e6a00000)
  from space 11776K, 0% used [0x00000000e6a00000,0x00000000e6a00000,0x00000000e7580000)
  to   space 11776K, 0% used [0x00000000e7580000,0x00000000e7580000,0x00000000e8100000)
 ParOldGen       total 88576K, used 17558K [0x00000000a0000000, 0x00000000a5680000, 0x00000000e0000000)
  object space 88576K, 19% used [0x00000000a0000000,0x00000000a1125a18,0x00000000a5680000)
 Metaspace       used 34521K, capacity 35308K, committed 35456K, reserved 1079296K
  class space    used 4724K, capacity 4921K, committed 4992K, reserved 1048576K
}

